{"level":"\u001b[32minfo\u001b[39m","message":"{\"method\":\"GET\",\"url\":\"/\",\"status\":\"200\",\"responseTime\":\"1354.556\"}","timestamp":"2024-06-28T11:25:06.886Z"}
{"level":"\u001b[32minfo\u001b[39m","message":"{\"method\":\"GET\",\"url\":\"/\",\"status\":\"200\",\"responseTime\":\"618.190\"}","timestamp":"2024-06-28T11:25:41.983Z"}
{"level":"\u001b[32minfo\u001b[39m","message":"{\"method\":\"GET\",\"url\":\"/\",\"status\":\"200\",\"responseTime\":\"629.553\"}","timestamp":"2024-06-28T11:26:00.372Z"}
{"level":"\u001b[32minfo\u001b[39m","message":"{\"method\":\"GET\",\"url\":\"\\n\",\"status\":\"/\",\"responseTime\":\"200\"}","timestamp":"2024-06-28T11:27:23.751Z"}
{"level":"\u001b[32minfo\u001b[39m","message":"\n\"method\": \"GET\"\n\"url\": \"/\"\n\"status\": \"200\"\n\"responseTime\": \"617.680\"\n","timestamp":"2024-06-28T11:29:59.574Z"}
{"level":"\u001b[32minfo\u001b[39m","message":"\n\"method\": \"GET\"\n\"url\": \"/\"\n\"status\": \"200\"\n\"responseTime\": \"1089.481\"\n","timestamp":"2024-06-28T11:31:38.578Z"}
{"level":"\u001b[32minfo\u001b[39m","message":"\n    \"method\": \"GET\"\n    \"url\": \"/\"\n    \"status\": \"200\"\n    \"responseTime\": \"1613.367\"\n","timestamp":"2024-06-28T11:32:03.179Z"}
{"level":"\u001b[32minfo\u001b[39m","message":"\n    \"method\": \"GET\"\n    \"url\": \"/api/v1/users/register\"\n    \"status\": \"404\"\n    \"responseTime\": \"1.643\"\n","timestamp":"2024-07-01T11:42:33.081Z"}
{"level":"\u001b[32minfo\u001b[39m","message":"\n    \"method\": \"POST\"\n    \"url\": \"/api/v1/users/register\"\n    \"status\": \"200\"\n    \"responseTime\": \"2.090\"\n","timestamp":"2024-07-01T11:42:48.277Z"}
{"level":"\u001b[32minfo\u001b[39m","message":"\n    \"method\": \"POST\"\n    \"url\": \"/api/v1/users/register\"\n    \"status\": \"200\"\n    \"responseTime\": \"2.022\"\n","timestamp":"2024-07-01T11:43:55.187Z"}
{"level":"\u001b[31merror\u001b[39m","message":"\n    \"method\": \"POST\"\n    \"url\": \"/api/v1/users/register\"\n    \"status\": \"200\"\n    \"responseTime\": \"1.724\"\n","timestamp":"2024-07-01T11:45:08.536Z"}
{"level":"\u001b[32minfo\u001b[39m","message":"\n    \"method\": \"POST\"\n    \"url\": \"/api/v1/users/register\"\n    \"status\": \"200\"\n    \"responseTime\": \"2.500\"\n","timestamp":"2024-07-01T11:49:13.018Z"}
{"level":"\u001b[31merror\u001b[39m","message":"\n    \"method\": \"GET\"\n    \"url\": \"/api/v1/users/register\"\n    \"status\": \"404\"\n    \"responseTime\": \"3.392\"\n","timestamp":"2024-07-01T11:49:19.506Z"}
{"level":"\u001b[31merror\u001b[39m","message":"\n    \"method\": \"GET\"\n    \"url\": \"/api/v1/users/register/1\"\n    \"status\": \"404\"\n    \"responseTime\": \"2.370\"\n","timestamp":"2024-07-01T11:50:14.641Z"}
{"level":"\u001b[31merror\u001b[39m","message":"\n    \"method\": \"GET\"\n    \"url\": \"/api/v1/users/register\"\n    \"status\": \"404\"\n    \"responseTime\": \"2.316\"\n","timestamp":"2024-07-01T12:14:18.295Z"}
{"level":"\u001b[32minfo\u001b[39m","message":"\n    \"method\": \"POST\"\n    \"url\": \"/api/v1/users/register\"\n    \"status\": \"-\"\n    \"responseTime\": \"-\"\n","timestamp":"2024-07-01T12:14:25.407Z"}
{"level":"\u001b[32minfo\u001b[39m","message":"\n    \"method\": \"POST\"\n    \"url\": \"/api/v1/users/register\"\n    \"status\": \"-\"\n    \"responseTime\": \"-\"\n","timestamp":"2024-07-01T12:16:25.274Z"}
{"level":"\u001b[31merror\u001b[39m","message":"\n    \"method\": \"POST\"\n    \"url\": \"/api/v1/users/register\"\n    \"status\": \"500\"\n    \"responseTime\": \"14.033\"\n","timestamp":"2024-07-02T05:07:12.920Z"}
{"level":"\u001b[31merror\u001b[39m","message":"\n    \"method\": \"POST\"\n    \"url\": \"/api/v1/users/register\"\n    \"status\": \"400\"\n    \"responseTime\": \"17.640\"\n","timestamp":"2024-07-02T05:08:53.895Z"}
{"level":"\u001b[31merror\u001b[39m","message":"\n    \"method\": \"POST\"\n    \"url\": \"/api/v1/users/register\"\n    \"status\": \"400\"\n    \"responseTime\": \"87.794\"\n","timestamp":"2024-07-02T05:12:31.634Z"}
{"level":"\u001b[31merror\u001b[39m","message":"\n    \"method\": \"POST\"\n    \"url\": \"/api/v1/users/register\"\n    \"status\": \"400\"\n    \"responseTime\": \"84.425\"\n","timestamp":"2024-07-02T05:15:01.297Z"}
{"level":"\u001b[31merror\u001b[39m","message":"\n    \"method\": \"POST\"\n    \"url\": \"/api/v1/users/register\"\n    \"status\": \"400\"\n    \"responseTime\": \"78.969\"\n","timestamp":"2024-07-02T05:18:14.337Z"}
{"level":"\u001b[31merror\u001b[39m","message":"\n    \"method\": \"POST\"\n    \"url\": \"/api/v1/users/register\"\n    \"status\": \"400\"\n    \"responseTime\": \"92.422\"\n","timestamp":"2024-07-02T05:19:04.249Z"}
{"level":"\u001b[31merror\u001b[39m","message":"\n    \"method\": \"POST\"\n    \"url\": \"/api/v1/users/register\"\n    \"status\": \"400\"\n    \"responseTime\": \"106.111\"\n","timestamp":"2024-07-02T05:19:53.988Z"}
{"level":"\u001b[31merror\u001b[39m","message":"\n    \"method\": \"POST\"\n    \"url\": \"/api/v1/users/register\"\n    \"status\": \"400\"\n    \"responseTime\": \"97.280\"\n","timestamp":"2024-07-02T05:20:59.081Z"}
{"level":"\u001b[31merror\u001b[39m","message":"\n    \"method\": \"POST\"\n    \"url\": \"/api/v1/users/register\"\n    \"status\": \"400\"\n    \"responseTime\": \"102.859\"\n","timestamp":"2024-07-02T05:21:39.970Z"}
{"level":"\u001b[32minfo\u001b[39m","message":"\n    \"method\": \"POST\"\n    \"url\": \"/api/v1/users/register\"\n    \"status\": \"201\"\n    \"responseTime\": \"4126.182\"\n","timestamp":"2024-07-02T05:23:13.378Z"}
{"level":"\u001b[31merror\u001b[39m","message":"\n    \"method\": \"POST\"\n    \"url\": \"/api/v1/users/register\"\n    \"status\": \"400\"\n    \"responseTime\": \"93.593\"\n","timestamp":"2024-07-02T05:44:50.443Z"}
{"level":"\u001b[31merror\u001b[39m","message":"\n    \"method\": \"POST\"\n    \"url\": \"/api/v1/users/register\"\n    \"status\": \"400\"\n    \"responseTime\": \"82.612\"\n","timestamp":"2024-07-02T05:45:06.793Z"}
{"level":"\u001b[31merror\u001b[39m","message":"\n    \"method\": \"POST\"\n    \"url\": \"/api/v1/users/register\"\n    \"status\": \"500\"\n    \"responseTime\": \"82.401\"\n","timestamp":"2024-07-02T05:45:19.473Z"}
{"level":"\u001b[31merror\u001b[39m","message":"\n    \"method\": \"POST\"\n    \"url\": \"/api/v1/users/register\"\n    \"status\": \"500\"\n    \"responseTime\": \"81.879\"\n","timestamp":"2024-07-02T05:45:52.941Z"}
{"level":"\u001b[31merror\u001b[39m","message":"\n    \"method\": \"POST\"\n    \"url\": \"/api/v1/users/register\"\n    \"status\": \"500\"\n    \"responseTime\": \"88.371\"\n","timestamp":"2024-07-02T05:50:35.646Z"}
{"level":"\u001b[31merror\u001b[39m","message":"\n    \"method\": \"POST\"\n    \"url\": \"/api/v1/users/register\"\n    \"status\": \"500\"\n    \"responseTime\": \"84.673\"\n","timestamp":"2024-07-02T05:53:30.519Z"}
{"level":"\u001b[31merror\u001b[39m","message":"\n    \"method\": \"POST\"\n    \"url\": \"/api/v1/users/register\"\n    \"status\": \"500\"\n    \"responseTime\": \"83.923\"\n","timestamp":"2024-07-02T05:53:55.600Z"}
{"level":"\u001b[31merror\u001b[39m","message":"\n    \"method\": \"POST\"\n    \"url\": \"/api/v1/users/register\"\n    \"status\": \"500\"\n    \"responseTime\": \"82.806\"\n","timestamp":"2024-07-02T05:55:17.918Z"}
{"level":"\u001b[32minfo\u001b[39m","message":"\n    \"method\": \"POST\"\n    \"url\": \"/api/v1/users/register\"\n    \"status\": \"201\"\n    \"responseTime\": \"2762.711\"\n","timestamp":"2024-07-02T05:57:12.828Z"}
{"level":"\u001b[31merror\u001b[39m","message":"\n    \"method\": \"POST\"\n    \"url\": \"/api/v1/users/register\"\n    \"status\": \"400\"\n    \"responseTime\": \"82.501\"\n","timestamp":"2024-07-02T05:59:26.685Z"}
{"level":"\u001b[32minfo\u001b[39m","message":"\n    \"method\": \"POST\"\n    \"url\": \"/api/v1/users/register\"\n    \"status\": \"201\"\n    \"responseTime\": \"7973.232\"\n","timestamp":"2024-07-02T06:00:33.737Z"}
{"level":"\u001b[31merror\u001b[39m","message":"\n    \"method\": \"POST\"\n    \"url\": \"/api/v1/users/register\"\n    \"status\": \"400\"\n    \"responseTime\": \"90.743\"\n","timestamp":"2024-07-02T06:01:17.524Z"}
{"level":"\u001b[32minfo\u001b[39m","message":"\n    \"method\": \"POST\"\n    \"url\": \"/api/v1/users/register\"\n    \"status\": \"201\"\n    \"responseTime\": \"2815.917\"\n","timestamp":"2024-07-02T06:01:31.785Z"}
{"level":"\u001b[31merror\u001b[39m","message":"\n    \"method\": \"POST\"\n    \"url\": \"/api/v1/api/v1/users/healthcheck\"\n    \"status\": \"404\"\n    \"responseTime\": \"13.217\"\n","timestamp":"2024-07-02T06:14:51.970Z"}
{"level":"\u001b[31merror\u001b[39m","message":"\n    \"method\": \"POST\"\n    \"url\": \"/api/v1/api/v1/healthcheck\"\n    \"status\": \"404\"\n    \"responseTime\": \"0.723\"\n","timestamp":"2024-07-02T06:15:19.621Z"}
{"level":"\u001b[31merror\u001b[39m","message":"\n    \"method\": \"POST\"\n    \"url\": \"/api/v1/api/v1/healthcheck/\"\n    \"status\": \"404\"\n    \"responseTime\": \"0.696\"\n","timestamp":"2024-07-02T06:15:25.192Z"}
{"level":"\u001b[31merror\u001b[39m","message":"\n    \"method\": \"POST\"\n    \"url\": \"/api/v1/api/v1/healthcheck/\"\n    \"status\": \"404\"\n    \"responseTime\": \"0.268\"\n","timestamp":"2024-07-02T06:15:26.241Z"}
{"level":"\u001b[31merror\u001b[39m","message":"\n    \"method\": \"POST\"\n    \"url\": \"/api/v1/healthcheck\"\n    \"status\": \"404\"\n    \"responseTime\": \"0.796\"\n","timestamp":"2024-07-02T06:15:49.048Z"}
{"level":"\u001b[31merror\u001b[39m","message":"\n    \"method\": \"POST\"\n    \"url\": \"/api/v1/healthcheck\"\n    \"status\": \"404\"\n    \"responseTime\": \"0.896\"\n","timestamp":"2024-07-02T06:15:55.961Z"}
{"level":"\u001b[31merror\u001b[39m","message":"\n    \"method\": \"POST\"\n    \"url\": \"/api/v1/healthcheck/\"\n    \"status\": \"404\"\n    \"responseTime\": \"0.841\"\n","timestamp":"2024-07-02T06:16:06.852Z"}
{"level":"\u001b[31merror\u001b[39m","message":"\n    \"method\": \"POST\"\n    \"url\": \"/api/v1/healthcheck\"\n    \"status\": \"404\"\n    \"responseTime\": \"0.693\"\n","timestamp":"2024-07-02T06:16:35.677Z"}
{"level":"\u001b[31merror\u001b[39m","message":"\n    \"method\": \"POST\"\n    \"url\": \"/api/v1/healthcheck\"\n    \"status\": \"404\"\n    \"responseTime\": \"0.321\"\n","timestamp":"2024-07-02T06:16:36.726Z"}
{"level":"\u001b[32minfo\u001b[39m","message":"\n    \"method\": \"POST\"\n    \"url\": \"/api/v1/users/register\"\n    \"status\": \"201\"\n    \"responseTime\": \"2515.088\"\n","timestamp":"2024-07-02T06:17:13.773Z"}
{"level":"\u001b[31merror\u001b[39m","message":"\n    \"method\": \"POST\"\n    \"url\": \"/api/v1/healthcheck\"\n    \"status\": \"404\"\n    \"responseTime\": \"0.482\"\n","timestamp":"2024-07-02T06:18:38.061Z"}
{"level":"\u001b[31merror\u001b[39m","message":"\n    \"method\": \"POST\"\n    \"url\": \"/api/v1/healthcheck/\"\n    \"status\": \"404\"\n    \"responseTime\": \"0.499\"\n","timestamp":"2024-07-02T06:18:42.936Z"}
{"level":"\u001b[32minfo\u001b[39m","message":"\n    \"method\": \"GET\"\n    \"url\": \"/api/v1/healthcheck/\"\n    \"status\": \"200\"\n    \"responseTime\": \"3.386\"\n","timestamp":"2024-07-02T06:18:51.491Z"}
{"level":"\u001b[32minfo\u001b[39m","message":"\n    \"method\": \"GET\"\n    \"url\": \"/api/v1/healthcheck\"\n    \"status\": \"200\"\n    \"responseTime\": \"0.931\"\n","timestamp":"2024-07-02T06:19:09.560Z"}
{"level":"\u001b[31merror\u001b[39m","message":"\n    \"method\": \"POST\"\n    \"url\": \"/api/v1/users/register\"\n    \"status\": \"400\"\n    \"responseTime\": \"102.776\"\n","timestamp":"2024-07-02T07:46:13.765Z"}
{"level":"\u001b[31merror\u001b[39m","message":"\n    \"method\": \"POST\"\n    \"url\": \"/api/v1/users/logi\"\n    \"status\": \"404\"\n    \"responseTime\": \"1.486\"\n","timestamp":"2024-07-02T07:47:10.945Z"}
{"level":"\u001b[31merror\u001b[39m","message":"\n    \"method\": \"POST\"\n    \"url\": \"/api/v1/users/login\"\n    \"status\": \"400\"\n    \"responseTime\": \"1.032\"\n","timestamp":"2024-07-02T07:47:12.555Z"}
{"level":"\u001b[31merror\u001b[39m","message":"\n    \"method\": \"POST\"\n    \"url\": \"/api/v1/users/login\"\n    \"status\": \"400\"\n    \"responseTime\": \"0.880\"\n","timestamp":"2024-07-02T07:48:16.269Z"}
{"level":"\u001b[31merror\u001b[39m","message":"\n    \"method\": \"POST\"\n    \"url\": \"/api/v1/users/login\"\n    \"status\": \"400\"\n    \"responseTime\": \"1.202\"\n","timestamp":"2024-07-02T07:48:19.966Z"}
{"level":"\u001b[31merror\u001b[39m","message":"\n    \"method\": \"POST\"\n    \"url\": \"/api/v1/users/login\"\n    \"status\": \"400\"\n    \"responseTime\": \"1.469\"\n","timestamp":"2024-07-02T07:49:11.555Z"}
{"level":"\u001b[31merror\u001b[39m","message":"\n    \"method\": \"POST\"\n    \"url\": \"/api/v1/users/login\"\n    \"status\": \"400\"\n    \"responseTime\": \"3.689\"\n","timestamp":"2024-07-02T07:50:26.721Z"}
{"level":"\u001b[31merror\u001b[39m","message":"\n    \"method\": \"POST\"\n    \"url\": \"/api/v1/users/login\"\n    \"status\": \"400\"\n    \"responseTime\": \"3.932\"\n","timestamp":"2024-07-02T07:51:04.057Z"}
{"level":"\u001b[31merror\u001b[39m","message":"\n    \"method\": \"POST\"\n    \"url\": \"/api/v1/users/login\"\n    \"status\": \"400\"\n    \"responseTime\": \"1.195\"\n","timestamp":"2024-07-02T07:51:46.806Z"}
{"level":"\u001b[31merror\u001b[39m","message":"\n    \"method\": \"POST\"\n    \"url\": \"/api/v1/users/login\"\n    \"status\": \"400\"\n    \"responseTime\": \"4.675\"\n","timestamp":"2024-07-02T07:52:07.018Z"}
{"level":"\u001b[31merror\u001b[39m","message":"\n    \"method\": \"POST\"\n    \"url\": \"/api/v1/users/login\"\n    \"status\": \"400\"\n    \"responseTime\": \"6.814\"\n","timestamp":"2024-07-02T07:53:02.613Z"}
{"level":"\u001b[31merror\u001b[39m","message":"\n    \"method\": \"POST\"\n    \"url\": \"/api/v1/users/login\"\n    \"status\": \"400\"\n    \"responseTime\": \"4.916\"\n","timestamp":"2024-07-02T07:53:33.601Z"}
{"level":"\u001b[31merror\u001b[39m","message":"\n    \"method\": \"POST\"\n    \"url\": \"/api/v1/users/login\"\n    \"status\": \"400\"\n    \"responseTime\": \"9.402\"\n","timestamp":"2024-07-02T07:53:51.889Z"}
{"level":"\u001b[31merror\u001b[39m","message":"\n    \"method\": \"POST\"\n    \"url\": \"/api/v1/users/login\"\n    \"status\": \"400\"\n    \"responseTime\": \"7.370\"\n","timestamp":"2024-07-02T07:55:07.996Z"}
{"level":"\u001b[31merror\u001b[39m","message":"\n    \"method\": \"POST\"\n    \"url\": \"/api/v1/users/login\"\n    \"status\": \"400\"\n    \"responseTime\": \"3.085\"\n","timestamp":"2024-07-02T07:55:33.236Z"}
{"level":"\u001b[31merror\u001b[39m","message":"\n    \"method\": \"POST\"\n    \"url\": \"/api/v1/users/login\"\n    \"status\": \"400\"\n    \"responseTime\": \"3.820\"\n","timestamp":"2024-07-02T07:56:31.974Z"}
{"level":"\u001b[31merror\u001b[39m","message":"\n    \"method\": \"POST\"\n    \"url\": \"/api/v1/users/login\"\n    \"status\": \"400\"\n    \"responseTime\": \"1.772\"\n","timestamp":"2024-07-02T07:58:16.989Z"}
{"level":"\u001b[31merror\u001b[39m","message":"\n    \"method\": \"POST\"\n    \"url\": \"/api/v1/users/login\"\n    \"status\": \"400\"\n    \"responseTime\": \"3.753\"\n","timestamp":"2024-07-02T07:58:41.454Z"}
{"level":"\u001b[31merror\u001b[39m","message":"\n    \"method\": \"POST\"\n    \"url\": \"/api/v1/users/login\"\n    \"status\": \"400\"\n    \"responseTime\": \"1.579\"\n","timestamp":"2024-07-02T07:59:07.705Z"}
{"level":"\u001b[31merror\u001b[39m","message":"\n    \"method\": \"POST\"\n    \"url\": \"/api/v1/users/login\"\n    \"status\": \"400\"\n    \"responseTime\": \"2.913\"\n","timestamp":"2024-07-02T07:59:10.569Z"}
{"level":"\u001b[31merror\u001b[39m","message":"\n    \"method\": \"POST\"\n    \"url\": \"/api/v1/users/login\"\n    \"status\": \"400\"\n    \"responseTime\": \"2.063\"\n","timestamp":"2024-07-02T09:07:54.898Z"}
{"level":"\u001b[31merror\u001b[39m","message":"\n    \"method\": \"GET\"\n    \"url\": \"/api/v1/users/login\"\n    \"status\": \"400\"\n    \"responseTime\": \"4.577\"\n","timestamp":"2024-07-02T09:08:57.402Z"}
{"level":"\u001b[31merror\u001b[39m","message":"\n    \"method\": \"GET\"\n    \"url\": \"/api/v1/users/login\"\n    \"status\": \"404\"\n    \"responseTime\": \"3.357\"\n","timestamp":"2024-07-02T09:10:18.045Z"}
{"level":"\u001b[31merror\u001b[39m","message":"\n    \"method\": \"POST\"\n    \"url\": \"/api/v1/users/login\"\n    \"status\": \"400\"\n    \"responseTime\": \"4.180\"\n","timestamp":"2024-07-02T09:10:26.708Z"}
{"level":"\u001b[31merror\u001b[39m","message":"\n    \"method\": \"POST\"\n    \"url\": \"/api/v1/users/login\"\n    \"status\": \"400\"\n    \"responseTime\": \"3.818\"\n","timestamp":"2024-07-02T09:11:55.078Z"}
{"level":"\u001b[32minfo\u001b[39m","message":"\n    \"method\": \"POST\"\n    \"url\": \"/api/v1/users/login\"\n    \"status\": \"-\"\n    \"responseTime\": \"-\"\n","timestamp":"2024-07-02T09:14:20.821Z"}
{"level":"\u001b[32minfo\u001b[39m","message":"\n    \"method\": \"POST\"\n    \"url\": \"/api/v1/users/login\"\n    \"status\": \"-\"\n    \"responseTime\": \"-\"\n","timestamp":"2024-07-02T09:16:50.674Z"}
{"level":"\u001b[31merror\u001b[39m","message":"\n    \"method\": \"POST\"\n    \"url\": \"/api/v1/users/login\"\n    \"status\": \"500\"\n    \"responseTime\": \"12.757\"\n","timestamp":"2024-07-02T09:17:37.561Z"}
{"level":"\u001b[31merror\u001b[39m","message":"\n    \"method\": \"POST\"\n    \"url\": \"/api/v1/users/login\"\n    \"status\": \"500\"\n    \"responseTime\": \"12.831\"\n","timestamp":"2024-07-02T09:19:07.634Z"}
{"level":"\u001b[31merror\u001b[39m","message":"\n    \"method\": \"POST\"\n    \"url\": \"/api/v1/users/login\"\n    \"status\": \"500\"\n    \"responseTime\": \"12.912\"\n","timestamp":"2024-07-02T09:19:20.210Z"}
{"level":"\u001b[31merror\u001b[39m","message":"\n    \"method\": \"POST\"\n    \"url\": \"/api/v1/users/login\"\n    \"status\": \"500\"\n    \"responseTime\": \"12.097\"\n","timestamp":"2024-07-02T09:20:06.658Z"}
{"level":"\u001b[31merror\u001b[39m","message":"\n    \"method\": \"POST\"\n    \"url\": \"/api/v1/users/login\"\n    \"status\": \"500\"\n    \"responseTime\": \"174.855\"\n","timestamp":"2024-07-02T09:21:50.146Z"}
{"level":"\u001b[31merror\u001b[39m","message":"\n    \"method\": \"POST\"\n    \"url\": \"/api/v1/users/login\"\n    \"status\": \"500\"\n    \"responseTime\": \"175.582\"\n","timestamp":"2024-07-02T09:22:12.104Z"}
{"level":"\u001b[31merror\u001b[39m","message":"\n    \"method\": \"POST\"\n    \"url\": \"/api/v1/users/login\"\n    \"status\": \"500\"\n    \"responseTime\": \"175.318\"\n","timestamp":"2024-07-02T09:24:16.565Z"}
{"level":"\u001b[32minfo\u001b[39m","message":"\n    \"method\": \"POST\"\n    \"url\": \"/api/v1/users/login\"\n    \"status\": \"200\"\n    \"responseTime\": \"413.103\"\n","timestamp":"2024-07-02T09:29:10.312Z"}
{"level":"\u001b[32minfo\u001b[39m","message":"\n    \"method\": \"POST\"\n    \"url\": \"/api/v1/users/logout\"\n    \"status\": \"-\"\n    \"responseTime\": \"-\"\n","timestamp":"2024-07-02T09:30:16.181Z"}
{"level":"\u001b[32minfo\u001b[39m","message":"\n    \"method\": \"POST\"\n    \"url\": \"/api/v1/users/logout\"\n    \"status\": \"-\"\n    \"responseTime\": \"-\"\n","timestamp":"2024-07-02T09:31:56.959Z"}
{"level":"\u001b[32minfo\u001b[39m","message":"\n    \"method\": \"POST\"\n    \"url\": \"/api/v1/users/logout\"\n    \"status\": \"-\"\n    \"responseTime\": \"-\"\n","timestamp":"2024-07-02T09:33:19.706Z"}
{"level":"\u001b[32minfo\u001b[39m","message":"\n    \"method\": \"POST\"\n    \"url\": \"/api/v1/users/logout\"\n    \"status\": \"-\"\n    \"responseTime\": \"-\"\n","timestamp":"2024-07-02T09:34:20.226Z"}
{"level":"\u001b[32minfo\u001b[39m","message":"\n    \"method\": \"POST\"\n    \"url\": \"/api/v1/users/logout\"\n    \"status\": \"-\"\n    \"responseTime\": \"-\"\n","timestamp":"2024-07-02T09:35:19.625Z"}
{"level":"\u001b[32minfo\u001b[39m","message":"\n    \"method\": \"POST\"\n    \"url\": \"/api/v1/users/logout\"\n    \"status\": \"-\"\n    \"responseTime\": \"-\"\n","timestamp":"2024-07-02T09:38:44.466Z"}
{"level":"\u001b[32minfo\u001b[39m","message":"\n    \"method\": \"POST\"\n    \"url\": \"/api/v1/users/login\"\n    \"status\": \"200\"\n    \"responseTime\": \"396.282\"\n","timestamp":"2024-07-02T09:38:48.408Z"}
{"level":"\u001b[32minfo\u001b[39m","message":"\n    \"method\": \"POST\"\n    \"url\": \"/api/v1/users/logout\"\n    \"status\": \"-\"\n    \"responseTime\": \"-\"\n","timestamp":"2024-07-02T09:39:03.559Z"}
{"level":"\u001b[32minfo\u001b[39m","message":"\n    \"method\": \"POST\"\n    \"url\": \"/api/v1/users/logout\"\n    \"status\": \"-\"\n    \"responseTime\": \"-\"\n","timestamp":"2024-07-02T09:39:24.625Z"}
{"level":"\u001b[31merror\u001b[39m","message":"\n    \"method\": \"POST\"\n    \"url\": \"/api/v1/users/logout\"\n    \"status\": \"404\"\n    \"responseTime\": \"80.483\"\n","timestamp":"2024-07-02T09:40:50.652Z"}
{"level":"\u001b[32minfo\u001b[39m","message":"\n    \"method\": \"POST\"\n    \"url\": \"/api/v1/users/login\"\n    \"status\": \"200\"\n    \"responseTime\": \"407.599\"\n","timestamp":"2024-07-02T09:41:09.416Z"}
{"level":"\u001b[31merror\u001b[39m","message":"\n    \"method\": \"POST\"\n    \"url\": \"/api/v1/users/logout\"\n    \"status\": \"404\"\n    \"responseTime\": \"77.568\"\n","timestamp":"2024-07-02T09:41:12.640Z"}
{"level":"\u001b[31merror\u001b[39m","message":"\n    \"method\": \"POST\"\n    \"url\": \"/api/v1/users/register\"\n    \"status\": \"400\"\n    \"responseTime\": \"88.262\"\n","timestamp":"2024-07-02T09:41:30.261Z"}
{"level":"\u001b[32minfo\u001b[39m","message":"\n    \"method\": \"POST\"\n    \"url\": \"/api/v1/users/login\"\n    \"status\": \"200\"\n    \"responseTime\": \"386.364\"\n","timestamp":"2024-07-02T09:41:48.355Z"}
{"level":"\u001b[31merror\u001b[39m","message":"\n    \"method\": \"POST\"\n    \"url\": \"/api/v1/users/logout\"\n    \"status\": \"404\"\n    \"responseTime\": \"76.348\"\n","timestamp":"2024-07-02T09:41:52.529Z"}
{"level":"\u001b[31merror\u001b[39m","message":"\n    \"method\": \"POST\"\n    \"url\": \"/api/v1/users/logout\"\n    \"status\": \"404\"\n    \"responseTime\": \"77.079\"\n","timestamp":"2024-07-02T09:42:40.680Z"}
{"level":"\u001b[32minfo\u001b[39m","message":"\n    \"method\": \"POST\"\n    \"url\": \"/api/v1/users/login\"\n    \"status\": \"200\"\n    \"responseTime\": \"414.568\"\n","timestamp":"2024-07-02T09:43:43.030Z"}
{"level":"\u001b[31merror\u001b[39m","message":"\n    \"method\": \"POST\"\n    \"url\": \"/api/v1/users/logout\"\n    \"status\": \"404\"\n    \"responseTime\": \"79.648\"\n","timestamp":"2024-07-02T09:43:46.525Z"}
{"level":"\u001b[31merror\u001b[39m","message":"\n    \"method\": \"POST\"\n    \"url\": \"/api/v1/users/logout\"\n    \"status\": \"404\"\n    \"responseTime\": \"82.679\"\n","timestamp":"2024-07-02T09:44:58.461Z"}
{"level":"\u001b[31merror\u001b[39m","message":"\n    \"method\": \"POST\"\n    \"url\": \"/api/v1/users/logout\"\n    \"status\": \"404\"\n    \"responseTime\": \"81.152\"\n","timestamp":"2024-07-02T09:45:28.111Z"}
{"level":"\u001b[31merror\u001b[39m","message":"\n    \"method\": \"POST\"\n    \"url\": \"/api/v1/users/logout\"\n    \"status\": \"404\"\n    \"responseTime\": \"85.395\"\n","timestamp":"2024-07-02T09:45:34.675Z"}
{"level":"\u001b[31merror\u001b[39m","message":"\n    \"method\": \"POST\"\n    \"url\": \"/api/v1/users/logout\"\n    \"status\": \"500\"\n    \"responseTime\": \"178.174\"\n","timestamp":"2024-07-02T09:45:48.469Z"}
{"level":"\u001b[32minfo\u001b[39m","message":"\n    \"method\": \"POST\"\n    \"url\": \"/api/v1/users/logout\"\n    \"status\": \"200\"\n    \"responseTime\": \"567.331\"\n","timestamp":"2024-07-02T09:46:42.662Z"}
{"level":"\u001b[32minfo\u001b[39m","message":"\n    \"method\": \"POST\"\n    \"url\": \"/api/v1/users/logout\"\n    \"status\": \"-\"\n    \"responseTime\": \"-\"\n","timestamp":"2024-07-02T09:46:58.443Z"}
{"level":"\u001b[32minfo\u001b[39m","message":"\n    \"method\": \"POST\"\n    \"url\": \"/api/v1/users/login\"\n    \"status\": \"200\"\n    \"responseTime\": \"411.453\"\n","timestamp":"2024-07-02T09:47:05.141Z"}
{"level":"\u001b[32minfo\u001b[39m","message":"\n    \"method\": \"POST\"\n    \"url\": \"/api/v1/users/logout\"\n    \"status\": \"200\"\n    \"responseTime\": \"166.322\"\n","timestamp":"2024-07-02T09:47:08.062Z"}
{"level":"\u001b[32minfo\u001b[39m","message":"\n    \"method\": \"POST\"\n    \"url\": \"/api/v1/users/logout\"\n    \"status\": \"-\"\n    \"responseTime\": \"-\"\n","timestamp":"2024-07-02T09:49:20.192Z"}
{"level":"\u001b[32minfo\u001b[39m","message":"\n    \"method\": \"POST\"\n    \"url\": \"/api/v1/users/login\"\n    \"status\": \"200\"\n    \"responseTime\": \"482.773\"\n","timestamp":"2024-07-02T09:49:23.305Z"}
{"level":"\u001b[32minfo\u001b[39m","message":"\n    \"method\": \"POST\"\n    \"url\": \"/api/v1/users/logout\"\n    \"status\": \"200\"\n    \"responseTime\": \"176.660\"\n","timestamp":"2024-07-02T09:49:35.964Z"}
{"level":"\u001b[32minfo\u001b[39m","message":"\n    \"method\": \"POST\"\n    \"url\": \"/api/v1/users/logout\"\n    \"status\": \"-\"\n    \"responseTime\": \"-\"\n","timestamp":"2024-07-02T09:51:05.924Z"}
{"level":"\u001b[32minfo\u001b[39m","message":"\n    \"method\": \"POST\"\n    \"url\": \"/api/v1/users/login\"\n    \"status\": \"200\"\n    \"responseTime\": \"415.469\"\n","timestamp":"2024-07-02T09:51:08.874Z"}
{"level":"\u001b[32minfo\u001b[39m","message":"\n    \"method\": \"POST\"\n    \"url\": \"/api/v1/users/logout\"\n    \"status\": \"200\"\n    \"responseTime\": \"165.618\"\n","timestamp":"2024-07-02T09:51:10.991Z"}
{"level":"\u001b[32minfo\u001b[39m","message":"\n    \"method\": \"POST\"\n    \"url\": \"/api/v1/users/logout\"\n    \"status\": \"-\"\n    \"responseTime\": \"-\"\n","timestamp":"2024-07-02T10:04:02.219Z"}
{"level":"\u001b[31merror\u001b[39m","message":"\n    \"method\": \"POST\"\n    \"url\": \"/api/v1/users/logout\"\n    \"status\": \"401\"\n    \"responseTime\": \"2.552\"\n","timestamp":"2024-07-02T10:06:52.719Z"}
{"level":"\u001b[31merror\u001b[39m","message":"\n    \"method\": \"POST\"\n    \"url\": \"/api/v1/users/logout\"\n    \"status\": \"401\"\n    \"responseTime\": \"2.781\"\n","timestamp":"2024-07-02T10:07:15.024Z"}
{"level":"\u001b[32minfo\u001b[39m","message":"\n    \"method\": \"POST\"\n    \"url\": \"/api/v1/users/login\"\n    \"status\": \"200\"\n    \"responseTime\": \"414.741\"\n","timestamp":"2024-07-02T10:09:01.530Z"}
{"level":"\u001b[32minfo\u001b[39m","message":"\n    \"method\": \"POST\"\n    \"url\": \"/api/v1/users/logout\"\n    \"status\": \"200\"\n    \"responseTime\": \"193.839\"\n","timestamp":"2024-07-02T10:09:44.630Z"}
{"level":"\u001b[32minfo\u001b[39m","message":"\n    \"method\": \"POST\"\n    \"url\": \"/api/v1/users/login\"\n    \"status\": \"200\"\n    \"responseTime\": \"429.137\"\n","timestamp":"2024-07-02T10:10:58.394Z"}
{"level":"\u001b[32minfo\u001b[39m","message":"\n    \"method\": \"POST\"\n    \"url\": \"/api/v1/users/login\"\n    \"status\": \"200\"\n    \"responseTime\": \"405.306\"\n","timestamp":"2024-07-02T10:12:16.876Z"}
{"level":"\u001b[32minfo\u001b[39m","message":"\n    \"method\": \"POST\"\n    \"url\": \"/api/v1/users/login\"\n    \"status\": \"200\"\n    \"responseTime\": \"826.208\"\n","timestamp":"2024-07-02T10:13:08.858Z"}
{"level":"\u001b[32minfo\u001b[39m","message":"\n    \"method\": \"POST\"\n    \"url\": \"/api/v1/users/logout\"\n    \"status\": \"200\"\n    \"responseTime\": \"168.105\"\n","timestamp":"2024-07-02T10:13:11.258Z"}
{"level":"\u001b[31merror\u001b[39m","message":"\n    \"method\": \"POST\"\n    \"url\": \"/api/v1/users/logout\"\n    \"status\": \"401\"\n    \"responseTime\": \"8.517\"\n","timestamp":"2024-07-02T10:13:46.715Z"}
{"level":"\u001b[32minfo\u001b[39m","message":"\n    \"method\": \"POST\"\n    \"url\": \"/api/v1/users/login\"\n    \"status\": \"200\"\n    \"responseTime\": \"416.206\"\n","timestamp":"2024-07-02T10:14:01.202Z"}
{"level":"\u001b[32minfo\u001b[39m","message":"\n    \"method\": \"POST\"\n    \"url\": \"/api/v1/users/logout\"\n    \"status\": \"200\"\n    \"responseTime\": \"170.148\"\n","timestamp":"2024-07-02T10:14:03.134Z"}
{"level":"\u001b[32minfo\u001b[39m","message":"\n    \"method\": \"POST\"\n    \"url\": \"/api/v1/users/login\"\n    \"status\": \"200\"\n    \"responseTime\": \"369.517\"\n","timestamp":"2024-07-02T10:15:03.299Z"}
{"level":"\u001b[32minfo\u001b[39m","message":"\n    \"method\": \"POST\"\n    \"url\": \"/api/v1/users/login\"\n    \"status\": \"200\"\n    \"responseTime\": \"393.339\"\n","timestamp":"2024-07-02T10:16:38.260Z"}
{"level":"\u001b[32minfo\u001b[39m","message":"\n    \"method\": \"POST\"\n    \"url\": \"/api/v1/users/login\"\n    \"status\": \"200\"\n    \"responseTime\": \"706.981\"\n","timestamp":"2024-07-02T10:19:40.152Z"}
{"level":"\u001b[32minfo\u001b[39m","message":"\n    \"method\": \"POST\"\n    \"url\": \"/api/v1/users/login\"\n    \"status\": \"200\"\n    \"responseTime\": \"405.693\"\n","timestamp":"2024-07-02T10:25:36.204Z"}
{"level":"\u001b[32minfo\u001b[39m","message":"\n    \"method\": \"POST\"\n    \"url\": \"/api/v1/users/logout\"\n    \"status\": \"200\"\n    \"responseTime\": \"167.455\"\n","timestamp":"2024-07-02T10:25:38.799Z"}
{"level":"\u001b[32minfo\u001b[39m","message":"\n    \"method\": \"POST\"\n    \"url\": \"/api/v1/users/login\"\n    \"status\": \"200\"\n    \"responseTime\": \"405.996\"\n","timestamp":"2024-07-02T10:36:00.199Z"}
{"level":"\u001b[31merror\u001b[39m","message":"\n    \"method\": \"POST\"\n    \"url\": \"/api/v1/users/logout\"\n    \"status\": \"401\"\n    \"responseTime\": \"1.276\"\n","timestamp":"2024-07-02T10:36:08.104Z"}
{"level":"\u001b[32minfo\u001b[39m","message":"\n    \"method\": \"POST\"\n    \"url\": \"/api/v1/users/login\"\n    \"status\": \"200\"\n    \"responseTime\": \"410.477\"\n","timestamp":"2024-07-02T10:47:15.031Z"}
{"level":"\u001b[32minfo\u001b[39m","message":"\n    \"method\": \"POST\"\n    \"url\": \"/api/v1/users/logout\"\n    \"status\": \"200\"\n    \"responseTime\": \"198.013\"\n","timestamp":"2024-07-02T11:26:02.531Z"}
{"level":"\u001b[31merror\u001b[39m","message":"\n    \"method\": \"GET\"\n    \"url\": \"/api/v1/users/refresh-token\"\n    \"status\": \"400\"\n    \"responseTime\": \"264.715\"\n","timestamp":"2024-07-02T11:27:16.895Z"}
{"level":"\u001b[31merror\u001b[39m","message":"\n    \"method\": \"GET\"\n    \"url\": \"/api/v1/users/refresh-token\"\n    \"status\": \"400\"\n    \"responseTime\": \"92.234\"\n","timestamp":"2024-07-02T11:27:38.063Z"}
{"level":"\u001b[32minfo\u001b[39m","message":"\n    \"method\": \"POST\"\n    \"url\": \"/api/v1/users/login\"\n    \"status\": \"200\"\n    \"responseTime\": \"412.003\"\n","timestamp":"2024-07-02T11:28:16.228Z"}
{"level":"\u001b[31merror\u001b[39m","message":"\n    \"method\": \"GET\"\n    \"url\": \"/api/v1/users/refresh-token\"\n    \"status\": \"400\"\n    \"responseTime\": \"78.520\"\n","timestamp":"2024-07-02T11:28:41.565Z"}
{"level":"\u001b[31merror\u001b[39m","message":"\n    \"method\": \"GET\"\n    \"url\": \"/api/v1/users/refresh-token\"\n    \"status\": \"400\"\n    \"responseTime\": \"82.317\"\n","timestamp":"2024-07-02T11:29:45.629Z"}
{"level":"\u001b[31merror\u001b[39m","message":"\n    \"method\": \"GET\"\n    \"url\": \"/api/v1/users/refresh-token\"\n    \"status\": \"400\"\n    \"responseTime\": \"83.176\"\n","timestamp":"2024-07-02T11:30:50.550Z"}
{"level":"\u001b[31merror\u001b[39m","message":"\n    \"method\": \"GET\"\n    \"url\": \"/api/v1/users/refresh-token\"\n    \"status\": \"400\"\n    \"responseTime\": \"91.628\"\n","timestamp":"2024-07-02T11:31:27.403Z"}
{"level":"\u001b[31merror\u001b[39m","message":"\n    \"method\": \"GET\"\n    \"url\": \"/api/v1/users/refresh-token\"\n    \"status\": \"400\"\n    \"responseTime\": \"260.619\"\n","timestamp":"2024-07-02T11:31:42.514Z"}
{"level":"\u001b[31merror\u001b[39m","message":"\n    \"method\": \"GET\"\n    \"url\": \"/api/v1/users/refresh-token\"\n    \"status\": \"400\"\n    \"responseTime\": \"94.550\"\n","timestamp":"2024-07-02T11:32:25.972Z"}
{"level":"\u001b[32minfo\u001b[39m","message":"\n    \"method\": \"POST\"\n    \"url\": \"/api/v1/users/logout\"\n    \"status\": \"200\"\n    \"responseTime\": \"186.664\"\n","timestamp":"2024-07-02T11:32:56.590Z"}
{"level":"\u001b[31merror\u001b[39m","message":"\n    \"method\": \"POST\"\n    \"url\": \"/api/v1/users/logout\"\n    \"status\": \"401\"\n    \"responseTime\": \"0.652\"\n","timestamp":"2024-07-02T11:32:58.824Z"}
{"level":"\u001b[32minfo\u001b[39m","message":"\n    \"method\": \"POST\"\n    \"url\": \"/api/v1/users/login\"\n    \"status\": \"200\"\n    \"responseTime\": \"410.070\"\n","timestamp":"2024-07-02T11:33:04.732Z"}
{"level":"\u001b[31merror\u001b[39m","message":"\n    \"method\": \"GET\"\n    \"url\": \"/api/v1/users/refresh-token\"\n    \"status\": \"400\"\n    \"responseTime\": \"229.600\"\n","timestamp":"2024-07-02T11:33:25.187Z"}
{"level":"\u001b[31merror\u001b[39m","message":"\n    \"method\": \"GET\"\n    \"url\": \"/api/v1/users/refresh-token\"\n    \"status\": \"400\"\n    \"responseTime\": \"503.634\"\n","timestamp":"2024-07-02T11:34:42.312Z"}
{"level":"\u001b[31merror\u001b[39m","message":"\n    \"method\": \"GET\"\n    \"url\": \"/api/v1/users/refresh-token\"\n    \"status\": \"400\"\n    \"responseTime\": \"94.604\"\n","timestamp":"2024-07-02T11:35:08.253Z"}
{"level":"\u001b[31merror\u001b[39m","message":"\n    \"method\": \"GET\"\n    \"url\": \"/api/v1/users/refresh-token\"\n    \"status\": \"400\"\n    \"responseTime\": \"88.878\"\n","timestamp":"2024-07-02T11:35:32.425Z"}
{"level":"\u001b[32minfo\u001b[39m","message":"\n    \"method\": \"POST\"\n    \"url\": \"/api/v1/users/login\"\n    \"status\": \"200\"\n    \"responseTime\": \"397.941\"\n","timestamp":"2024-07-02T11:35:55.817Z"}
{"level":"\u001b[31merror\u001b[39m","message":"\n    \"method\": \"GET\"\n    \"url\": \"/api/v1/users/refresh-token\"\n    \"status\": \"400\"\n    \"responseTime\": \"232.606\"\n","timestamp":"2024-07-02T11:36:25.229Z"}
{"level":"\u001b[31merror\u001b[39m","message":"\n    \"method\": \"GET\"\n    \"url\": \"/api/v1/users/refresh-token\"\n    \"status\": \"400\"\n    \"responseTime\": \"76.620\"\n","timestamp":"2024-07-02T11:36:41.845Z"}
{"level":"\u001b[32minfo\u001b[39m","message":"\n    \"method\": \"POST\"\n    \"url\": \"/api/v1/users/login\"\n    \"status\": \"200\"\n    \"responseTime\": \"405.397\"\n","timestamp":"2024-07-02T11:37:55.770Z"}
{"level":"\u001b[31merror\u001b[39m","message":"\n    \"method\": \"GET\"\n    \"url\": \"/api/v1/users/refresh-token\"\n    \"status\": \"400\"\n    \"responseTime\": \"232.055\"\n","timestamp":"2024-07-02T11:38:13.289Z"}
{"level":"\u001b[32minfo\u001b[39m","message":"\n    \"method\": \"POST\"\n    \"url\": \"/api/v1/users/login\"\n    \"status\": \"200\"\n    \"responseTime\": \"386.483\"\n","timestamp":"2024-07-02T11:39:06.511Z"}
{"level":"\u001b[31merror\u001b[39m","message":"\n    \"method\": \"GET\"\n    \"url\": \"/api/v1/users/refresh-token\"\n    \"status\": \"500\"\n    \"responseTime\": \"231.380\"\n","timestamp":"2024-07-02T11:39:24.975Z"}
{"level":"\u001b[32minfo\u001b[39m","message":"\n    \"method\": \"POST\"\n    \"url\": \"/api/v1/users/login\"\n    \"status\": \"200\"\n    \"responseTime\": \"405.850\"\n","timestamp":"2024-07-02T11:39:52.563Z"}
{"level":"\u001b[32minfo\u001b[39m","message":"\n    \"method\": \"GET\"\n    \"url\": \"/api/v1/users/refresh-token\"\n    \"status\": \"200\"\n    \"responseTime\": \"235.478\"\n","timestamp":"2024-07-02T11:40:04.503Z"}
{"level":"\u001b[31merror\u001b[39m","message":"\n    \"method\": \"GET\"\n    \"url\": \"/api/v1/users/refresh-token\"\n    \"status\": \"400\"\n    \"responseTime\": \"2.137\"\n","timestamp":"2024-07-02T11:40:07.358Z"}
{"level":"\u001b[32minfo\u001b[39m","message":"\n    \"method\": \"POST\"\n    \"url\": \"/api/v1/users/login\"\n    \"status\": \"200\"\n    \"responseTime\": \"429.244\"\n","timestamp":"2024-07-02T12:13:54.119Z"}
{"level":"\u001b[31merror\u001b[39m","message":"\n    \"method\": \"GET\"\n    \"url\": \"/api/v1/users/change-password\"\n    \"status\": \"404\"\n    \"responseTime\": \"2.729\"\n","timestamp":"2024-07-02T12:14:09.834Z"}
{"level":"\u001b[31merror\u001b[39m","message":"\n    \"method\": \"POST\"\n    \"url\": \"/api/v1/users/change-password\"\n    \"status\": \"400\"\n    \"responseTime\": \"78.097\"\n","timestamp":"2024-07-02T12:14:16.492Z"}
{"level":"\u001b[32minfo\u001b[39m","message":"\n    \"method\": \"POST\"\n    \"url\": \"/api/v1/users/change-password\"\n    \"status\": \"200\"\n    \"responseTime\": \"700.187\"\n","timestamp":"2024-07-02T12:16:26.307Z"}
{"level":"\u001b[31merror\u001b[39m","message":"\n    \"method\": \"PUT\"\n    \"url\": \"/api/v1/users/update-avatar\"\n    \"status\": \"401\"\n    \"responseTime\": \"3.068\"\n","timestamp":"2024-07-03T05:18:17.158Z"}
{"level":"\u001b[31merror\u001b[39m","message":"\n    \"method\": \"POST\"\n    \"url\": \"/api/v1/users/login\"\n    \"status\": \"400\"\n    \"responseTime\": \"179.910\"\n","timestamp":"2024-07-03T05:18:31.963Z"}
{"level":"\u001b[32minfo\u001b[39m","message":"\n    \"method\": \"POST\"\n    \"url\": \"/api/v1/users/login\"\n    \"status\": \"200\"\n    \"responseTime\": \"383.316\"\n","timestamp":"2024-07-03T05:18:44.536Z"}
{"level":"\u001b[32minfo\u001b[39m","message":"\n    \"method\": \"PUT\"\n    \"url\": \"/api/v1/users/update-avatar\"\n    \"status\": \"200\"\n    \"responseTime\": \"3976.056\"\n","timestamp":"2024-07-03T05:19:02.510Z"}
{"level":"\u001b[31merror\u001b[39m","message":"\n    \"method\": \"GET\"\n    \"url\": \"/api/v1/users/update-cover-image?\"\n    \"status\": \"404\"\n    \"responseTime\": \"4.473\"\n","timestamp":"2024-07-03T05:20:10.045Z"}
{"level":"\u001b[32minfo\u001b[39m","message":"\n    \"method\": \"PUT\"\n    \"url\": \"/api/v1/users/update-cover-image?\"\n    \"status\": \"200\"\n    \"responseTime\": \"3318.399\"\n","timestamp":"2024-07-03T05:20:20.464Z"}
{"level":"\u001b[31merror\u001b[39m","message":"\n    \"method\": \"PUT\"\n    \"url\": \"/api/v1/users/update-cover-image?\"\n    \"status\": \"500\"\n    \"responseTime\": \"127.157\"\n","timestamp":"2024-07-03T05:31:19.051Z"}
{"level":"\u001b[31merror\u001b[39m","message":"\n    \"method\": \"PUT\"\n    \"url\": \"/api/v1/users/update-cover-image?\"\n    \"status\": \"500\"\n    \"responseTime\": \"92.479\"\n","timestamp":"2024-07-03T05:32:18.151Z"}
{"level":"\u001b[31merror\u001b[39m","message":"\n    \"method\": \"PUT\"\n    \"url\": \"/api/v1/users/update-cover-image?\"\n    \"status\": \"500\"\n    \"responseTime\": \"94.310\"\n","timestamp":"2024-07-03T05:32:46.615Z"}
{"level":"\u001b[32minfo\u001b[39m","message":"\n    \"method\": \"PUT\"\n    \"url\": \"/api/v1/users/update-avatar\"\n    \"status\": \"200\"\n    \"responseTime\": \"3835.740\"\n","timestamp":"2024-07-03T05:33:21.854Z"}
{"level":"\u001b[31merror\u001b[39m","message":"\n    \"method\": \"PUT\"\n    \"url\": \"/api/v1/users/update-cover-image?\"\n    \"status\": \"500\"\n    \"responseTime\": \"76.614\"\n","timestamp":"2024-07-03T05:33:30.169Z"}
{"level":"\u001b[31merror\u001b[39m","message":"\n    \"method\": \"PUT\"\n    \"url\": \"/api/v1/users/update-cover-image\"\n    \"status\": \"500\"\n    \"responseTime\": \"89.531\"\n","timestamp":"2024-07-03T05:34:40.512Z"}
{"level":"\u001b[31merror\u001b[39m","message":"\n    \"method\": \"PUT\"\n    \"url\": \"/api/v1/users/update-cover-image\"\n    \"status\": \"500\"\n    \"responseTime\": \"80.920\"\n","timestamp":"2024-07-03T05:34:46.325Z"}
{"level":"\u001b[31merror\u001b[39m","message":"\n    \"method\": \"PUT\"\n    \"url\": \"/api/v1/users/update-cover-image\"\n    \"status\": \"500\"\n    \"responseTime\": \"96.462\"\n","timestamp":"2024-07-03T05:34:54.579Z"}
{"level":"\u001b[31merror\u001b[39m","message":"\n    \"method\": \"PUT\"\n    \"url\": \"/api/v1/users/update-cover-image\"\n    \"status\": \"500\"\n    \"responseTime\": \"94.752\"\n","timestamp":"2024-07-03T05:37:10.164Z"}
{"level":"\u001b[32minfo\u001b[39m","message":"\n    \"method\": \"PUT\"\n    \"url\": \"/api/v1/users/update-cover-image\"\n    \"status\": \"-\"\n    \"responseTime\": \"-\"\n","timestamp":"2024-07-03T05:41:58.974Z"}
{"level":"\u001b[31merror\u001b[39m","message":"\n    \"method\": \"PUT\"\n    \"url\": \"/api/v1/users/update-cover-image\"\n    \"status\": \"500\"\n    \"responseTime\": \"94.403\"\n","timestamp":"2024-07-03T05:49:05.291Z"}
{"level":"\u001b[31merror\u001b[39m","message":"\n    \"method\": \"PUT\"\n    \"url\": \"/api/v1/users/update-cover-image\"\n    \"status\": \"500\"\n    \"responseTime\": \"90.016\"\n","timestamp":"2024-07-03T05:49:59.826Z"}
{"level":"\u001b[31merror\u001b[39m","message":"\n    \"method\": \"PUT\"\n    \"url\": \"/api/v1/users/update-cover-image\"\n    \"status\": \"500\"\n    \"responseTime\": \"98.533\"\n","timestamp":"2024-07-03T05:51:07.253Z"}
{"level":"\u001b[31merror\u001b[39m","message":"\n    \"method\": \"PUT\"\n    \"url\": \"/api/v1/users/update-cover-image\"\n    \"status\": \"500\"\n    \"responseTime\": \"160.152\"\n","timestamp":"2024-07-03T05:52:20.899Z"}
{"level":"\u001b[32minfo\u001b[39m","message":"\n    \"method\": \"PUT\"\n    \"url\": \"/api/v1/users/update-cover-image\"\n    \"status\": \"200\"\n    \"responseTime\": \"1227.851\"\n","timestamp":"2024-07-03T05:52:58.965Z"}
{"level":"\u001b[32minfo\u001b[39m","message":"\n    \"method\": \"PUT\"\n    \"url\": \"/api/v1/users/update-cover-image\"\n    \"status\": \"-\"\n    \"responseTime\": \"-\"\n","timestamp":"2024-07-03T06:01:27.013Z"}
{"level":"\u001b[32minfo\u001b[39m","message":"\n    \"method\": \"PUT\"\n    \"url\": \"/api/v1/users/update-cover-image\"\n    \"status\": \"200\"\n    \"responseTime\": \"3578.789\"\n","timestamp":"2024-07-03T06:01:52.961Z"}
{"level":"\u001b[32minfo\u001b[39m","message":"\n    \"method\": \"PUT\"\n    \"url\": \"/api/v1/users/update-cover-image\"\n    \"status\": \"-\"\n    \"responseTime\": \"-\"\n","timestamp":"2024-07-03T06:02:32.078Z"}
{"level":"\u001b[32minfo\u001b[39m","message":"\n    \"method\": \"PUT\"\n    \"url\": \"/api/v1/users/update-cover-image\"\n    \"status\": \"200\"\n    \"responseTime\": \"1264.044\"\n","timestamp":"2024-07-03T06:05:12.342Z"}
{"level":"\u001b[32minfo\u001b[39m","message":"\n    \"method\": \"PUT\"\n    \"url\": \"/api/v1/users/update-cover-image\"\n    \"status\": \"200\"\n    \"responseTime\": \"10021.137\"\n","timestamp":"2024-07-03T06:07:25.264Z"}
{"level":"\u001b[32minfo\u001b[39m","message":"\n    \"method\": \"PUT\"\n    \"url\": \"/api/v1/users/update-cover-image\"\n    \"status\": \"200\"\n    \"responseTime\": \"5015.135\"\n","timestamp":"2024-07-03T06:08:10.855Z"}
{"level":"\u001b[32minfo\u001b[39m","message":"\n    \"method\": \"PUT\"\n    \"url\": \"/api/v1/users/update-cover-image\"\n    \"status\": \"200\"\n    \"responseTime\": \"5224.181\"\n","timestamp":"2024-07-03T06:08:52.748Z"}
{"level":"\u001b[32minfo\u001b[39m","message":"\n    \"method\": \"PUT\"\n    \"url\": \"/api/v1/users/update-cover-image\"\n    \"status\": \"200\"\n    \"responseTime\": \"6300.993\"\n","timestamp":"2024-07-03T06:11:06.420Z"}
{"level":"\u001b[32minfo\u001b[39m","message":"\n    \"method\": \"PUT\"\n    \"url\": \"/api/v1/users/update-cover-image\"\n    \"status\": \"200\"\n    \"responseTime\": \"8430.075\"\n","timestamp":"2024-07-03T06:15:15.167Z"}
{"level":"\u001b[31merror\u001b[39m","message":"\n    \"method\": \"PUT\"\n    \"url\": \"/api/v1/users/update-cover-image\"\n    \"status\": \"500\"\n    \"responseTime\": \"1240.631\"\n","timestamp":"2024-07-03T06:21:11.841Z"}
{"level":"\u001b[32minfo\u001b[39m","message":"\n    \"method\": \"PUT\"\n    \"url\": \"/api/v1/users/update-cover-image\"\n    \"status\": \"200\"\n    \"responseTime\": \"6250.156\"\n","timestamp":"2024-07-03T06:21:56.082Z"}
{"level":"\u001b[32minfo\u001b[39m","message":"\n    \"method\": \"PUT\"\n    \"url\": \"/api/v1/users/update-cover-image\"\n    \"status\": \"200\"\n    \"responseTime\": \"5888.019\"\n","timestamp":"2024-07-03T06:24:59.673Z"}
{"level":"\u001b[32minfo\u001b[39m","message":"\n    \"method\": \"PUT\"\n    \"url\": \"/api/v1/users/update-avatar\"\n    \"status\": \"200\"\n    \"responseTime\": \"3811.012\"\n","timestamp":"2024-07-03T06:26:15.540Z"}
{"level":"\u001b[31merror\u001b[39m","message":"\n    \"method\": \"GET\"\n    \"url\": \"/api/v1/users/current-user\"\n    \"status\": \"404\"\n    \"responseTime\": \"5.112\"\n","timestamp":"2024-07-03T07:43:32.054Z"}
{"level":"\u001b[31merror\u001b[39m","message":"\n    \"method\": \"GET\"\n    \"url\": \"/api/v1/users/channel/aqeelahmed\"\n    \"status\": \"400\"\n    \"responseTime\": \"4.906\"\n","timestamp":"2024-07-03T07:56:30.723Z"}
{"level":"\u001b[32minfo\u001b[39m","message":"\n    \"method\": \"GET\"\n    \"url\": \"/api/v1/users/current-user\"\n    \"status\": \"200\"\n    \"responseTime\": \"775.445\"\n","timestamp":"2024-07-03T09:31:32.189Z"}
{"level":"\u001b[32minfo\u001b[39m","message":"\n    \"method\": \"GET\"\n    \"url\": \"/api/v1/users/current-user\"\n    \"status\": \"200\"\n    \"responseTime\": \"379.948\"\n","timestamp":"2024-07-03T09:41:22.776Z"}
{"level":"\u001b[31merror\u001b[39m","message":"\n    \"method\": \"GET\"\n    \"url\": \"/api/v1/users/watch-history\"\n    \"status\": \"500\"\n    \"responseTime\": \"232.087\"\n","timestamp":"2024-07-03T09:44:23.656Z"}
{"level":"\u001b[31merror\u001b[39m","message":"\n    \"method\": \"GET\"\n    \"url\": \"/api/v1/users/watch-history\"\n    \"status\": \"500\"\n    \"responseTime\": \"90.010\"\n","timestamp":"2024-07-03T09:44:46.507Z"}
{"level":"\u001b[31merror\u001b[39m","message":"\n    \"method\": \"GET\"\n    \"url\": \"/api/v1/users/watch-history\"\n    \"status\": \"500\"\n    \"responseTime\": \"658.085\"\n","timestamp":"2024-07-03T09:46:04.530Z"}
{"level":"\u001b[31merror\u001b[39m","message":"\n    \"method\": \"GET\"\n    \"url\": \"/api/v1/users/watch-history\"\n    \"status\": \"500\"\n    \"responseTime\": \"404.607\"\n","timestamp":"2024-07-03T09:46:10.252Z"}
{"level":"\u001b[32minfo\u001b[39m","message":"\n    \"method\": \"GET\"\n    \"url\": \"/api/v1/users/watch-history\"\n    \"status\": \"200\"\n    \"responseTime\": \"167.788\"\n","timestamp":"2024-07-03T09:48:48.514Z"}
{"level":"\u001b[31merror\u001b[39m","message":"\n    \"method\": \"GET\"\n    \"url\": \"/api/v1/users/watch-history\"\n    \"status\": \"500\"\n    \"responseTime\": \"95.639\"\n","timestamp":"2024-07-03T09:50:40.728Z"}
{"level":"\u001b[32minfo\u001b[39m","message":"\n    \"method\": \"GET\"\n    \"url\": \"/api/v1/users/watch-history\"\n    \"status\": \"200\"\n    \"responseTime\": \"167.073\"\n","timestamp":"2024-07-03T09:51:01.316Z"}
{"level":"\u001b[31merror\u001b[39m","message":"\n    \"method\": \"GET\"\n    \"url\": \"/api/v1/users/channel/aqeelahmed\"\n    \"status\": \"400\"\n    \"responseTime\": \"6.473\"\n","timestamp":"2024-07-03T10:19:09.813Z"}
{"level":"\u001b[32minfo\u001b[39m","message":"\n    \"method\": \"POST\"\n    \"url\": \"/api/v1/users/login\"\n    \"status\": \"200\"\n    \"responseTime\": \"532.004\"\n","timestamp":"2024-07-03T10:19:45.336Z"}
{"level":"\u001b[31merror\u001b[39m","message":"\n    \"method\": \"GET\"\n    \"url\": \"/api/v1/users//channel/aqeelahmeddd\"\n    \"status\": \"400\"\n    \"responseTime\": \"0.973\"\n","timestamp":"2024-07-03T10:19:56.195Z"}
{"level":"\u001b[31merror\u001b[39m","message":"\n    \"method\": \"GET\"\n    \"url\": \"/api/v1/users/channel/aqeelahmeddd\"\n    \"status\": \"400\"\n    \"responseTime\": \"0.995\"\n","timestamp":"2024-07-03T10:20:20.117Z"}
{"level":"\u001b[31merror\u001b[39m","message":"\n    \"method\": \"GET\"\n    \"url\": \"/api/v1/users/channel/aqeelahmeddd\"\n    \"status\": \"400\"\n    \"responseTime\": \"5.946\"\n","timestamp":"2024-07-03T10:20:41.453Z"}
{"level":"\u001b[32minfo\u001b[39m","message":"\n    \"method\": \"GET\"\n    \"url\": \"/api/v1/users/channel/aqeelahmeddd\"\n    \"status\": \"200\"\n    \"responseTime\": \"79.962\"\n","timestamp":"2024-07-03T10:22:37.480Z"}
{"level":"\u001b[31merror\u001b[39m","message":"\n    \"method\": \"GET\"\n    \"url\": \"/api/v1/users/channel/aqeelahmeddd\"\n    \"status\": \"400\"\n    \"responseTime\": \"3.060\"\n","timestamp":"2024-07-03T10:23:28.421Z"}
{"level":"\u001b[32minfo\u001b[39m","message":"\n    \"method\": \"GET\"\n    \"url\": \"/api/v1/users/channel/aqeelahmeddd\"\n    \"status\": \"200\"\n    \"responseTime\": \"771.650\"\n","timestamp":"2024-07-03T10:24:19.941Z"}
{"level":"\u001b[31merror\u001b[39m","message":"\n    \"method\": \"GET\"\n    \"url\": \"/api/v1/users/channel/aqeelahmeddd\"\n    \"status\": \"500\"\n    \"responseTime\": \"81.231\"\n","timestamp":"2024-07-03T11:07:19.193Z"}
{"level":"\u001b[31merror\u001b[39m","message":"\n    \"method\": \"GET\"\n    \"url\": \"/api/v1/users/channel/aqeelahmeddd\"\n    \"status\": \"500\"\n    \"responseTime\": \"84.291\"\n","timestamp":"2024-07-03T11:08:04.984Z"}
{"level":"\u001b[31merror\u001b[39m","message":"\n    \"method\": \"GET\"\n    \"url\": \"/api/v1/users/channel/aqeelahmeddd\"\n    \"status\": \"500\"\n    \"responseTime\": \"1494.601\"\n","timestamp":"2024-07-03T11:08:37.302Z"}
{"level":"\u001b[32minfo\u001b[39m","message":"\n    \"method\": \"GET\"\n    \"url\": \"/api/v1/users/channel/aqeelahmeddd\"\n    \"status\": \"200\"\n    \"responseTime\": \"77.059\"\n","timestamp":"2024-07-03T11:09:03.609Z"}
{"level":"\u001b[32minfo\u001b[39m","message":"\n    \"method\": \"GET\"\n    \"url\": \"/api/v1/users/channel/aqeelahmeddd\"\n    \"status\": \"200\"\n    \"responseTime\": \"1228.001\"\n","timestamp":"2024-07-03T11:16:19.157Z"}
{"level":"\u001b[31merror\u001b[39m","message":"\n    \"method\": \"GET\"\n    \"url\": \"/api/v1/users/watch-history\"\n    \"status\": \"500\"\n    \"responseTime\": \"250.201\"\n","timestamp":"2024-07-03T11:16:35.945Z"}
{"level":"\u001b[32minfo\u001b[39m","message":"\n    \"method\": \"GET\"\n    \"url\": \"/api/v1/users/watch-history\"\n    \"status\": \"200\"\n    \"responseTime\": \"149.287\"\n","timestamp":"2024-07-03T11:18:48.054Z"}
{"level":"\u001b[31merror\u001b[39m","message":"\n    \"method\": \"GET\"\n    \"url\": \"/api/v1/users/watch-history\"\n    \"status\": \"500\"\n    \"responseTime\": \"152.155\"\n","timestamp":"2024-07-03T11:21:10.567Z"}
{"level":"\u001b[31merror\u001b[39m","message":"\n    \"method\": \"GET\"\n    \"url\": \"/api/v1/users/watch-history\"\n    \"status\": \"500\"\n    \"responseTime\": \"173.492\"\n","timestamp":"2024-07-03T11:22:21.077Z"}
{"level":"\u001b[32minfo\u001b[39m","message":"\n    \"method\": \"GET\"\n    \"url\": \"/api/v1/users/watch-history\"\n    \"status\": \"200\"\n    \"responseTime\": \"164.736\"\n","timestamp":"2024-07-03T11:29:15.776Z"}
{"level":"\u001b[32minfo\u001b[39m","message":"\n    \"method\": \"GET\"\n    \"url\": \"/api/v1/users/watch-history\"\n    \"status\": \"200\"\n    \"responseTime\": \"214.023\"\n","timestamp":"2024-07-03T11:30:15.235Z"}
{"level":"\u001b[31merror\u001b[39m","message":"\n    \"method\": \"GET\"\n    \"url\": \"/api/v1/users/watch-history\"\n    \"status\": \"500\"\n    \"responseTime\": \"169.304\"\n","timestamp":"2024-07-03T11:31:36.409Z"}
{"level":"\u001b[32minfo\u001b[39m","message":"\n    \"method\": \"GET\"\n    \"url\": \"/api/v1/users/watch-history\"\n    \"status\": \"200\"\n    \"responseTime\": \"182.322\"\n","timestamp":"2024-07-03T11:31:44.444Z"}
{"level":"\u001b[32minfo\u001b[39m","message":"\n    \"method\": \"GET\"\n    \"url\": \"/api/v1/users/watch-history\"\n    \"status\": \"200\"\n    \"responseTime\": \"165.417\"\n","timestamp":"2024-07-03T11:33:24.502Z"}
{"level":"\u001b[32minfo\u001b[39m","message":"\n    \"method\": \"GET\"\n    \"url\": \"/api/v1/users/watch-history\"\n    \"status\": \"200\"\n    \"responseTime\": \"274.869\"\n","timestamp":"2024-07-03T11:40:36.581Z"}
{"level":"\u001b[31merror\u001b[39m","message":"\n    \"method\": \"GET\"\n    \"url\": \"/api/v1/users/channel/aqeelahmeddd\"\n    \"status\": \"500\"\n    \"responseTime\": \"111.696\"\n","timestamp":"2024-07-03T11:48:05.786Z"}
{"level":"\u001b[31merror\u001b[39m","message":"\n    \"method\": \"GET\"\n    \"url\": \"/api/v1/users/channel/aqeelahmeddd\"\n    \"status\": \"500\"\n    \"responseTime\": \"87.438\"\n","timestamp":"2024-07-03T11:50:00.360Z"}
{"level":"\u001b[32minfo\u001b[39m","message":"\n    \"method\": \"GET\"\n    \"url\": \"/api/v1/users/channel/aqeelahmeddd\"\n    \"status\": \"200\"\n    \"responseTime\": \"81.910\"\n","timestamp":"2024-07-03T11:52:31.397Z"}
{"level":"\u001b[31merror\u001b[39m","message":"\n    \"method\": \"GET\"\n    \"url\": \"/api/v1/users/channel/aqeelahmeddd\"\n    \"status\": \"500\"\n    \"responseTime\": \"136.972\"\n","timestamp":"2024-07-03T11:54:07.094Z"}
{"level":"\u001b[31merror\u001b[39m","message":"\n    \"method\": \"GET\"\n    \"url\": \"/api/v1/users/channel/aqeelahmeddd\"\n    \"status\": \"500\"\n    \"responseTime\": \"93.101\"\n","timestamp":"2024-07-03T11:55:02.492Z"}
{"level":"\u001b[31merror\u001b[39m","message":"\n    \"method\": \"GET\"\n    \"url\": \"/api/v1/users/channel/aqeelahmeddd\"\n    \"status\": \"500\"\n    \"responseTime\": \"94.533\"\n","timestamp":"2024-07-03T11:55:31.013Z"}
{"level":"\u001b[31merror\u001b[39m","message":"\n    \"method\": \"GET\"\n    \"url\": \"/api/v1/users/channel/aqeelahmeddd\"\n    \"status\": \"500\"\n    \"responseTime\": \"83.986\"\n","timestamp":"2024-07-03T11:56:01.079Z"}
{"level":"\u001b[31merror\u001b[39m","message":"\n    \"method\": \"GET\"\n    \"url\": \"/api/v1/users/channel/aqeelahmeddd\"\n    \"status\": \"500\"\n    \"responseTime\": \"90.237\"\n","timestamp":"2024-07-03T11:56:57.329Z"}
{"level":"\u001b[31merror\u001b[39m","message":"\n    \"method\": \"GET\"\n    \"url\": \"/api/v1/users/channel/aqeelahmeddd\"\n    \"status\": \"500\"\n    \"responseTime\": \"85.925\"\n","timestamp":"2024-07-03T11:57:35.003Z"}
{"level":"\u001b[32minfo\u001b[39m","message":"\n    \"method\": \"GET\"\n    \"url\": \"/api/v1/users/channel/aqeelahmeddd\"\n    \"status\": \"200\"\n    \"responseTime\": \"100.458\"\n","timestamp":"2024-07-03T11:58:07.303Z"}
{"level":"\u001b[31merror\u001b[39m","message":"\n    \"method\": \"GET\"\n    \"url\": \"/api/v1/users/channel/aqeelahmeddd\"\n    \"status\": \"500\"\n    \"responseTime\": \"94.850\"\n","timestamp":"2024-07-03T12:05:15.769Z"}
{"level":"\u001b[31merror\u001b[39m","message":"\n    \"method\": \"GET\"\n    \"url\": \"/api/v1/users/channel/aqeelahmeddd\"\n    \"status\": \"500\"\n    \"responseTime\": \"97.955\"\n","timestamp":"2024-07-03T12:06:45.923Z"}
{"level":"\u001b[31merror\u001b[39m","message":"\n    \"method\": \"GET\"\n    \"url\": \"/api/v1/users/channel/aqeelahmeddd\"\n    \"status\": \"500\"\n    \"responseTime\": \"99.141\"\n","timestamp":"2024-07-03T12:06:55.912Z"}
{"level":"\u001b[31merror\u001b[39m","message":"\n    \"method\": \"GET\"\n    \"url\": \"/api/v1/users/channel/aqeelahmeddd\"\n    \"status\": \"500\"\n    \"responseTime\": \"87.090\"\n","timestamp":"2024-07-03T12:07:12.267Z"}
{"level":"\u001b[31merror\u001b[39m","message":"\n    \"method\": \"GET\"\n    \"url\": \"/api/v1/users/channel/aqeelahmeddd\"\n    \"status\": \"500\"\n    \"responseTime\": \"86.782\"\n","timestamp":"2024-07-03T12:11:33.628Z"}
{"level":"\u001b[31merror\u001b[39m","message":"\n    \"method\": \"GET\"\n    \"url\": \"/api/v1/users/channel/aqeelahmeddd\"\n    \"status\": \"500\"\n    \"responseTime\": \"94.440\"\n","timestamp":"2024-07-03T12:13:10.082Z"}
{"level":"\u001b[31merror\u001b[39m","message":"\n    \"method\": \"GET\"\n    \"url\": \"/api/v1/users/channel/aqeelahmeddd\"\n    \"status\": \"500\"\n    \"responseTime\": \"94.016\"\n","timestamp":"2024-07-03T12:14:08.929Z"}
{"level":"\u001b[32minfo\u001b[39m","message":"\n    \"method\": \"GET\"\n    \"url\": \"/api/v1/users/channel/aqeelahmeddd\"\n    \"status\": \"200\"\n    \"responseTime\": \"85.317\"\n","timestamp":"2024-07-03T12:14:59.541Z"}
{"level":"\u001b[31merror\u001b[39m","message":"\n    \"method\": \"GET\"\n    \"url\": \"/api/v1/users/channel/aqeelahmeddd\"\n    \"status\": \"500\"\n    \"responseTime\": \"88.136\"\n","timestamp":"2024-07-03T12:17:35.932Z"}
{"level":"\u001b[31merror\u001b[39m","message":"\n    \"method\": \"GET\"\n    \"url\": \"/api/v1/users/channel/aqeelahmeddd\"\n    \"status\": \"500\"\n    \"responseTime\": \"170.886\"\n","timestamp":"2024-07-03T12:20:25.391Z"}
{"level":"\u001b[31merror\u001b[39m","message":"\n    \"method\": \"GET\"\n    \"url\": \"/api/v1/users/channel/aqeelahmeddd\"\n    \"status\": \"500\"\n    \"responseTime\": \"89.280\"\n","timestamp":"2024-07-03T12:21:14.850Z"}
{"level":"\u001b[32minfo\u001b[39m","message":"\n    \"method\": \"GET\"\n    \"url\": \"/api/v1/users/channel/aqeelahmeddd\"\n    \"status\": \"200\"\n    \"responseTime\": \"176.405\"\n","timestamp":"2024-07-03T12:22:19.524Z"}
{"level":"\u001b[32minfo\u001b[39m","message":"\n    \"method\": \"GET\"\n    \"url\": \"/api/v1/users/channel/aqeelahmeddd\"\n    \"status\": \"200\"\n    \"responseTime\": \"79.004\"\n","timestamp":"2024-07-03T12:27:41.878Z"}
{"level":"\u001b[32minfo\u001b[39m","message":"\n    \"method\": \"GET\"\n    \"url\": \"/api/v1/users/channel/aqeelahmeddd\"\n    \"status\": \"200\"\n    \"responseTime\": \"308.038\"\n","timestamp":"2024-07-03T12:31:39.106Z"}
{"level":"\u001b[31merror\u001b[39m","message":"\n    \"method\": \"GET\"\n    \"url\": \"/api/v1/users/channel/aqeelahmeddd\"\n    \"status\": \"500\"\n    \"responseTime\": \"83.613\"\n","timestamp":"2024-07-03T12:56:56.122Z"}
{"level":"\u001b[31merror\u001b[39m","message":"\n    \"method\": \"GET\"\n    \"url\": \"/api/v1/users/channel/aqeelahmeddd\"\n    \"status\": \"500\"\n    \"responseTime\": \"86.731\"\n","timestamp":"2024-07-03T12:59:35.691Z"}
{"level":"\u001b[31merror\u001b[39m","message":"\n    \"method\": \"GET\"\n    \"url\": \"/api/v1/users/channel/aqeelahmeddd\"\n    \"status\": \"500\"\n    \"responseTime\": \"4.885\"\n","timestamp":"2024-07-03T13:00:25.739Z"}
{"level":"\u001b[32minfo\u001b[39m","message":"\n    \"method\": \"GET\"\n    \"url\": \"/api/v1/users/channel/aqeelahmeddd\"\n    \"status\": \"200\"\n    \"responseTime\": \"164.797\"\n","timestamp":"2024-07-03T13:06:05.534Z"}
{"level":"\u001b[32minfo\u001b[39m","message":"\n    \"method\": \"GET\"\n    \"url\": \"/api/v1/users/channel/aqeelahmeddd\"\n    \"status\": \"200\"\n    \"responseTime\": \"163.336\"\n","timestamp":"2024-07-03T13:07:59.520Z"}
{"level":"\u001b[32minfo\u001b[39m","message":"\n    \"method\": \"GET\"\n    \"url\": \"/api/v1/users/channel/aqeelahmeddd\"\n    \"status\": \"200\"\n    \"responseTime\": \"175.351\"\n","timestamp":"2024-07-03T13:08:25.079Z"}
{"level":"\u001b[32minfo\u001b[39m","message":"\n    \"method\": \"GET\"\n    \"url\": \"/api/v1/users/channel/aqeelahmeddd\"\n    \"status\": \"200\"\n    \"responseTime\": \"172.658\"\n","timestamp":"2024-07-03T13:09:44.091Z"}
{"level":"\u001b[31merror\u001b[39m","message":"\n    \"method\": \"GET\"\n    \"url\": \"/api/v1/users/channel/aqeelahmeddd\"\n    \"status\": \"500\"\n    \"responseTime\": \"6.768\"\n","timestamp":"2024-07-04T11:59:31.050Z"}
{"level":"\u001b[31merror\u001b[39m","message":"\n    \"method\": \"GET\"\n    \"url\": \"/api/v1/users/channel/aqeelahmeddd\"\n    \"status\": \"500\"\n    \"responseTime\": \"176.910\"\n","timestamp":"2024-07-04T11:59:56.909Z"}
{"level":"\u001b[32minfo\u001b[39m","message":"\n    \"method\": \"GET\"\n    \"url\": \"/api/v1/users/channel/aqeelahmeddd\"\n    \"status\": \"200\"\n    \"responseTime\": \"180.167\"\n","timestamp":"2024-07-04T12:00:24.088Z"}
{"level":"\u001b[31merror\u001b[39m","message":"\n    \"method\": \"GET\"\n    \"url\": \"/api/v1/users/channel/aqeelahmeddd\"\n    \"status\": \"500\"\n    \"responseTime\": \"171.560\"\n","timestamp":"2024-07-04T12:02:27.452Z"}
{"level":"\u001b[31merror\u001b[39m","message":"\n    \"method\": \"GET\"\n    \"url\": \"/api/v1/users/channel/aqeelahmeddd\"\n    \"status\": \"500\"\n    \"responseTime\": \"184.870\"\n","timestamp":"2024-07-04T12:02:53.661Z"}
{"level":"\u001b[31merror\u001b[39m","message":"\n    \"method\": \"GET\"\n    \"url\": \"/api/v1/users/channel/aqeelahmeddd\"\n    \"status\": \"500\"\n    \"responseTime\": \"93.684\"\n","timestamp":"2024-07-04T12:04:09.035Z"}
{"level":"\u001b[31merror\u001b[39m","message":"\n    \"method\": \"GET\"\n    \"url\": \"/api/v1/users/channel/aqeelahmeddd\"\n    \"status\": \"500\"\n    \"responseTime\": \"178.954\"\n","timestamp":"2024-07-04T12:05:33.072Z"}
{"level":"\u001b[32minfo\u001b[39m","message":"\n    \"method\": \"GET\"\n    \"url\": \"/api/v1/users/channel/aqeelahmeddd\"\n    \"status\": \"200\"\n    \"responseTime\": \"181.479\"\n","timestamp":"2024-07-04T12:05:52.833Z"}
{"level":"\u001b[32minfo\u001b[39m","message":"\n    \"method\": \"GET\"\n    \"url\": \"/api/v1/users/channel/aqeelahmeddd\"\n    \"status\": \"200\"\n    \"responseTime\": \"181.345\"\n","timestamp":"2024-07-04T12:08:03.127Z"}
{"level":"\u001b[32minfo\u001b[39m","message":"\n    \"method\": \"GET\"\n    \"url\": \"/api/v1/users/channel/aqeelahmeddd\"\n    \"status\": \"200\"\n    \"responseTime\": \"101.248\"\n","timestamp":"2024-07-04T12:08:41.924Z"}
{"level":"\u001b[31merror\u001b[39m","message":"\n    \"method\": \"GET\"\n    \"url\": \"/api/v1/users/channel/aqeelahmeddd\"\n    \"status\": \"500\"\n    \"responseTime\": \"206.071\"\n","timestamp":"2024-07-04T12:11:51.985Z"}
{"level":"\u001b[32minfo\u001b[39m","message":"\n    \"method\": \"GET\"\n    \"url\": \"/api/v1/users/channel/aqeelahmeddd\"\n    \"status\": \"200\"\n    \"responseTime\": \"165.627\"\n","timestamp":"2024-07-04T12:12:28.556Z"}
{"level":"\u001b[31merror\u001b[39m","message":"\n    \"method\": \"GET\"\n    \"url\": \"/api/v1/users/channel/aqeelahmeddd\"\n    \"status\": \"500\"\n    \"responseTime\": \"101.630\"\n","timestamp":"2024-07-04T12:16:53.925Z"}
{"level":"\u001b[32minfo\u001b[39m","message":"\n    \"method\": \"GET\"\n    \"url\": \"/api/v1/users/channel/aqeelahmeddd\"\n    \"status\": \"200\"\n    \"responseTime\": \"258.704\"\n","timestamp":"2024-07-04T12:18:26.218Z"}
{"level":"\u001b[32minfo\u001b[39m","message":"\n    \"method\": \"GET\"\n    \"url\": \"/api/v1/users/channel/aqeelahmeddd\"\n    \"status\": \"200\"\n    \"responseTime\": \"267.132\"\n","timestamp":"2024-07-04T12:19:07.082Z"}
{"level":"\u001b[32minfo\u001b[39m","message":"\n    \"method\": \"GET\"\n    \"url\": \"/api/v1/users/channel/aqeelahmeddd\"\n    \"status\": \"200\"\n    \"responseTime\": \"265.935\"\n","timestamp":"2024-07-04T12:20:04.701Z"}
{"level":"\u001b[32minfo\u001b[39m","message":"\n    \"method\": \"GET\"\n    \"url\": \"/api/v1/users/channel/aqeelahmeddd\"\n    \"status\": \"200\"\n    \"responseTime\": \"255.205\"\n","timestamp":"2024-07-04T12:20:46.999Z"}
{"level":"\u001b[32minfo\u001b[39m","message":"\n    \"method\": \"GET\"\n    \"url\": \"/api/v1/users/channel/aqeelahmeddd\"\n    \"status\": \"200\"\n    \"responseTime\": \"328.661\"\n","timestamp":"2024-07-04T12:21:31.378Z"}
{"level":"\u001b[32minfo\u001b[39m","message":"\n    \"method\": \"GET\"\n    \"url\": \"/api/v1/users/channel/aqeelahmeddd\"\n    \"status\": \"200\"\n    \"responseTime\": \"345.476\"\n","timestamp":"2024-07-04T12:22:16.935Z"}
{"level":"\u001b[32minfo\u001b[39m","message":"\n    \"method\": \"GET\"\n    \"url\": \"/api/v1/users/channel/aqeelahmeddd\"\n    \"status\": \"200\"\n    \"responseTime\": \"342.331\"\n","timestamp":"2024-07-04T12:24:14.909Z"}
{"level":"\u001b[32minfo\u001b[39m","message":"\n    \"method\": \"GET\"\n    \"url\": \"/api/v1/users/channel/aqeelahmeddd\"\n    \"status\": \"200\"\n    \"responseTime\": \"439.075\"\n","timestamp":"2024-07-04T12:28:16.923Z"}
{"level":"\u001b[32minfo\u001b[39m","message":"\n    \"method\": \"GET\"\n    \"url\": \"/api/v1/users/channel/aqeelahmeddd\"\n    \"status\": \"200\"\n    \"responseTime\": \"321.534\"\n","timestamp":"2024-07-04T12:30:38.930Z"}
{"level":"\u001b[32minfo\u001b[39m","message":"\n    \"method\": \"GET\"\n    \"url\": \"/api/v1/users/channel/aqeelahmeddd\"\n    \"status\": \"200\"\n    \"responseTime\": \"325.402\"\n","timestamp":"2024-07-04T12:31:29.958Z"}
{"level":"\u001b[32minfo\u001b[39m","message":"\n    \"method\": \"GET\"\n    \"url\": \"/api/v1/users/channel/aqeelahmeddd\"\n    \"status\": \"200\"\n    \"responseTime\": \"1617.614\"\n","timestamp":"2024-07-04T12:49:52.635Z"}
{"level":"\u001b[31merror\u001b[39m","message":"\n    \"method\": \"GET\"\n    \"url\": \"/api/v1/users/channel/aqeelahmeddd\"\n    \"status\": \"500\"\n    \"responseTime\": \"95.478\"\n","timestamp":"2024-07-04T12:53:55.497Z"}
{"level":"\u001b[31merror\u001b[39m","message":"\n    \"method\": \"GET\"\n    \"url\": \"/api/v1/users/channel/aqeelahmeddd\"\n    \"status\": \"500\"\n    \"responseTime\": \"92.163\"\n","timestamp":"2024-07-04T12:54:24.771Z"}
{"level":"\u001b[31merror\u001b[39m","message":"\n    \"method\": \"GET\"\n    \"url\": \"/api/v1/users/channel/aqeelahmeddd\"\n    \"status\": \"500\"\n    \"responseTime\": \"80.349\"\n","timestamp":"2024-07-04T12:54:50.153Z"}
{"level":"\u001b[31merror\u001b[39m","message":"\n    \"method\": \"GET\"\n    \"url\": \"/api/v1/users/channel/aqeelahmeddd\"\n    \"status\": \"500\"\n    \"responseTime\": \"390.597\"\n","timestamp":"2024-07-04T12:55:10.477Z"}
{"level":"\u001b[31merror\u001b[39m","message":"\n    \"method\": \"GET\"\n    \"url\": \"/api/v1/users/channel/aqeelahmeddd\"\n    \"status\": \"500\"\n    \"responseTime\": \"81.362\"\n","timestamp":"2024-07-04T12:55:34.433Z"}
{"level":"\u001b[32minfo\u001b[39m","message":"\n    \"method\": \"GET\"\n    \"url\": \"/api/v1/users/channel/aqeelahmeddd\"\n    \"status\": \"200\"\n    \"responseTime\": \"336.416\"\n","timestamp":"2024-07-04T12:56:12.809Z"}
{"level":"\u001b[31merror\u001b[39m","message":"\n    \"method\": \"GET\"\n    \"url\": \"/api/v1/users/channel/aqeelahmeddd\"\n    \"status\": \"500\"\n    \"responseTime\": \"103.699\"\n","timestamp":"2024-07-04T13:00:01.494Z"}
{"level":"\u001b[32minfo\u001b[39m","message":"\n    \"method\": \"GET\"\n    \"url\": \"/api/v1/users/channel/aqeelahmeddd\"\n    \"status\": \"200\"\n    \"responseTime\": \"150.514\"\n","timestamp":"2024-07-04T13:02:53.168Z"}
{"level":"\u001b[32minfo\u001b[39m","message":"\n    \"method\": \"GET\"\n    \"url\": \"/api/v1/users/channel/aqeelahmeddd\"\n    \"status\": \"200\"\n    \"responseTime\": \"97.753\"\n","timestamp":"2024-07-04T13:03:35.121Z"}
{"level":"\u001b[32minfo\u001b[39m","message":"\n    \"method\": \"GET\"\n    \"url\": \"/api/v1/users/channel/aqeelahmeddd\"\n    \"status\": \"200\"\n    \"responseTime\": \"81.848\"\n","timestamp":"2024-07-04T13:04:54.313Z"}
{"level":"\u001b[32minfo\u001b[39m","message":"\n    \"method\": \"GET\"\n    \"url\": \"/api/v1/users/channel/aqeelahmeddd\"\n    \"status\": \"200\"\n    \"responseTime\": \"103.930\"\n","timestamp":"2024-07-04T13:05:29.986Z"}
{"level":"\u001b[32minfo\u001b[39m","message":"\n    \"method\": \"GET\"\n    \"url\": \"/api/v1/users/channel/aqeelahmeddd\"\n    \"status\": \"200\"\n    \"responseTime\": \"79.898\"\n","timestamp":"2024-07-04T13:05:57.659Z"}
{"level":"\u001b[31merror\u001b[39m","message":"\n    \"method\": \"GET\"\n    \"url\": \"/api/v1/users/channel/aqeelahmeddd\"\n    \"status\": \"500\"\n    \"responseTime\": \"89.202\"\n","timestamp":"2024-07-04T13:09:20.617Z"}
{"level":"\u001b[32minfo\u001b[39m","message":"\n    \"method\": \"GET\"\n    \"url\": \"/api/v1/users/channel/aqeelahmeddd\"\n    \"status\": \"200\"\n    \"responseTime\": \"333.671\"\n","timestamp":"2024-07-04T13:12:37.035Z"}
{"level":"\u001b[31merror\u001b[39m","message":"\n    \"method\": \"GET\"\n    \"url\": \"/api/v1/users/channel/aqeelahmeddd\"\n    \"status\": \"401\"\n    \"responseTime\": \"3.401\"\n","timestamp":"2024-07-05T05:36:30.729Z"}
{"level":"\u001b[32minfo\u001b[39m","message":"\n    \"method\": \"GET\"\n    \"url\": \"/api/v1/users/channel/aqeelahmeddd\"\n    \"status\": \"200\"\n    \"responseTime\": \"838.517\"\n","timestamp":"2024-07-05T05:36:44.427Z"}
{"level":"\u001b[31merror\u001b[39m","message":"\n    \"method\": \"GET\"\n    \"url\": \"/api/v1/users/channel/aqeelahmeddd\"\n    \"status\": \"401\"\n    \"responseTime\": \"3.176\"\n","timestamp":"2024-07-05T05:39:46.828Z"}
{"level":"\u001b[32minfo\u001b[39m","message":"\n    \"method\": \"POST\"\n    \"url\": \"/api/v1/users/login\"\n    \"status\": \"200\"\n    \"responseTime\": \"448.827\"\n","timestamp":"2024-07-05T05:49:05.406Z"}
{"level":"\u001b[32minfo\u001b[39m","message":"\n    \"method\": \"GET\"\n    \"url\": \"/api/v1/users/channel/aqeelahmeddd\"\n    \"status\": \"200\"\n    \"responseTime\": \"373.006\"\n","timestamp":"2024-07-05T05:49:09.959Z"}
{"level":"\u001b[32minfo\u001b[39m","message":"\n    \"method\": \"GET\"\n    \"url\": \"/api/v1/users/channel/aqeelahmeddd\"\n    \"status\": \"200\"\n    \"responseTime\": \"423.457\"\n","timestamp":"2024-07-05T06:43:16.127Z"}
{"level":"\u001b[31merror\u001b[39m","message":"\n    \"method\": \"POST\"\n    \"url\": \"/api/v1/tweets/\"\n    \"status\": \"500\"\n    \"responseTime\": \"85.122\"\n","timestamp":"2024-07-05T06:47:54.151Z"}
{"level":"\u001b[32minfo\u001b[39m","message":"\n    \"method\": \"POST\"\n    \"url\": \"/api/v1/tweets/\"\n    \"status\": \"201\"\n    \"responseTime\": \"85.003\"\n","timestamp":"2024-07-05T06:48:19.826Z"}
{"level":"\u001b[32minfo\u001b[39m","message":"\n    \"method\": \"POST\"\n    \"url\": \"/api/v1/tweets/\"\n    \"status\": \"201\"\n    \"responseTime\": \"88.885\"\n","timestamp":"2024-07-05T06:51:35.298Z"}
{"level":"\u001b[31merror\u001b[39m","message":"\n    \"method\": \"POST\"\n    \"url\": \"/api/v1/tweets/\"\n    \"status\": \"500\"\n    \"responseTime\": \"85.584\"\n","timestamp":"2024-07-05T06:53:22.664Z"}
{"level":"\u001b[31merror\u001b[39m","message":"\n    \"method\": \"POST\"\n    \"url\": \"/api/v1/tweets/\"\n    \"status\": \"500\"\n    \"responseTime\": \"98.463\"\n","timestamp":"2024-07-05T06:53:54.204Z"}
{"level":"\u001b[31merror\u001b[39m","message":"\n    \"method\": \"POST\"\n    \"url\": \"/api/v1/tweets/\"\n    \"status\": \"400\"\n    \"responseTime\": \"88.769\"\n","timestamp":"2024-07-05T06:54:18.165Z"}
{"level":"\u001b[32minfo\u001b[39m","message":"\n    \"method\": \"POST\"\n    \"url\": \"/api/v1/tweets/\"\n    \"status\": \"201\"\n    \"responseTime\": \"182.283\"\n","timestamp":"2024-07-05T06:54:48.003Z"}
{"level":"\u001b[32minfo\u001b[39m","message":"\n    \"method\": \"POST\"\n    \"url\": \"/api/v1/tweets/\"\n    \"status\": \"201\"\n    \"responseTime\": \"185.525\"\n","timestamp":"2024-07-05T06:57:08.748Z"}
{"level":"\u001b[31merror\u001b[39m","message":"\n    \"method\": \"GET\"\n    \"url\": \"/api/v1/tweets/user/668397bb8be41a91cb11f267\"\n    \"status\": \"500\"\n    \"responseTime\": \"79.999\"\n","timestamp":"2024-07-05T06:57:18.020Z"}
{"level":"\u001b[31merror\u001b[39m","message":"\n    \"method\": \"GET\"\n    \"url\": \"/api/v1/tweets/user/668397bb8be41a91cb11f267\"\n    \"status\": \"500\"\n    \"responseTime\": \"180.609\"\n","timestamp":"2024-07-05T06:57:40.314Z"}
{"level":"\u001b[32minfo\u001b[39m","message":"\n    \"method\": \"GET\"\n    \"url\": \"/api/v1/tweets/user/668397bb8be41a91cb11f267\"\n    \"status\": \"200\"\n    \"responseTime\": \"157.535\"\n","timestamp":"2024-07-05T06:57:54.287Z"}
{"level":"\u001b[32minfo\u001b[39m","message":"\n    \"method\": \"PATCH\"\n    \"url\": \"/api/v1/tweets/668799446a20ec4946e31f6f\"\n    \"status\": \"200\"\n    \"responseTime\": \"176.018\"\n","timestamp":"2024-07-05T07:00:20.275Z"}
{"level":"\u001b[32minfo\u001b[39m","message":"\n    \"method\": \"GET\"\n    \"url\": \"/api/v1/tweets/user/668397bb8be41a91cb11f267\"\n    \"status\": \"200\"\n    \"responseTime\": \"163.069\"\n","timestamp":"2024-07-05T07:00:25.466Z"}
{"level":"\u001b[31merror\u001b[39m","message":"\n    \"method\": \"GET\"\n    \"url\": \"/api/v1/tweets/user/:userId\"\n    \"status\": \"500\"\n    \"responseTime\": \"94.498\"\n","timestamp":"2024-07-05T07:01:09.000Z"}
{"level":"\u001b[31merror\u001b[39m","message":"\n    \"method\": \"GET\"\n    \"url\": \"/api/v1/tweets/user/668799446a20ec4946e31f6\"\n    \"status\": \"500\"\n    \"responseTime\": \"75.248\"\n","timestamp":"2024-07-05T07:01:29.233Z"}
{"level":"\u001b[32minfo\u001b[39m","message":"\n    \"method\": \"GET\"\n    \"url\": \"/api/v1/tweets/user/668799446a20ec4946e31f6f\"\n    \"status\": \"200\"\n    \"responseTime\": \"146.720\"\n","timestamp":"2024-07-05T07:01:40.483Z"}
{"level":"\u001b[32minfo\u001b[39m","message":"\n    \"method\": \"GET\"\n    \"url\": \"/api/v1/tweets/user/668799446a20ec4946e31f6f\"\n    \"status\": \"200\"\n    \"responseTime\": \"144.484\"\n","timestamp":"2024-07-05T07:01:47.716Z"}
{"level":"\u001b[32minfo\u001b[39m","message":"\n    \"method\": \"POST\"\n    \"url\": \"/api/v1/tweets/\"\n    \"status\": \"201\"\n    \"responseTime\": \"169.422\"\n","timestamp":"2024-07-05T07:01:55.273Z"}
{"level":"\u001b[32minfo\u001b[39m","message":"\n    \"method\": \"GET\"\n    \"url\": \"/api/v1/tweets/user/668799446a20ec4946e31f6f\"\n    \"status\": \"200\"\n    \"responseTime\": \"148.288\"\n","timestamp":"2024-07-05T07:01:59.193Z"}
{"level":"\u001b[32minfo\u001b[39m","message":"\n    \"method\": \"GET\"\n    \"url\": \"/api/v1/tweets/user/668799446a20ec4946e31f6f\"\n    \"status\": \"200\"\n    \"responseTime\": \"157.880\"\n","timestamp":"2024-07-05T07:02:13.277Z"}
{"level":"\u001b[32minfo\u001b[39m","message":"\n    \"method\": \"POST\"\n    \"url\": \"/api/v1/tweets/\"\n    \"status\": \"201\"\n    \"responseTime\": \"183.953\"\n","timestamp":"2024-07-05T07:02:58.667Z"}
{"level":"\u001b[32minfo\u001b[39m","message":"\n    \"method\": \"GET\"\n    \"url\": \"/api/v1/tweets/user/668397bb8be41a91cb11f267\"\n    \"status\": \"200\"\n    \"responseTime\": \"177.687\"\n","timestamp":"2024-07-05T07:03:10.120Z"}
{"level":"\u001b[31merror\u001b[39m","message":"\n    \"method\": \"PATCH\"\n    \"url\": \"/api/v1/tweets/:tweetId\"\n    \"status\": \"500\"\n    \"responseTime\": \"99.024\"\n","timestamp":"2024-07-05T07:03:54.337Z"}
{"level":"\u001b[32minfo\u001b[39m","message":"\n    \"method\": \"PATCH\"\n    \"url\": \"/api/v1/tweets/668799446a20ec4946e31f6f\"\n    \"status\": \"200\"\n    \"responseTime\": \"168.734\"\n","timestamp":"2024-07-05T07:04:03.712Z"}
{"level":"\u001b[31merror\u001b[39m","message":"\n    \"method\": \"PATCH\"\n    \"url\": \"/api/v1/tweets/:tweetId\"\n    \"status\": \"500\"\n    \"responseTime\": \"97.695\"\n","timestamp":"2024-07-05T07:04:41.116Z"}
{"level":"\u001b[32minfo\u001b[39m","message":"\n    \"method\": \"PATCH\"\n    \"url\": \"/api/v1/tweets/668799446a20ec4946e31f6f\"\n    \"status\": \"200\"\n    \"responseTime\": \"159.896\"\n","timestamp":"2024-07-05T07:04:57.936Z"}
{"level":"\u001b[31merror\u001b[39m","message":"\n    \"method\": \"PATCH\"\n    \"url\": \"/api/v1/tweets/668799446a20ec4946e31f6f\"\n    \"status\": \"400\"\n    \"responseTime\": \"88.520\"\n","timestamp":"2024-07-05T07:05:18.085Z"}
{"level":"\u001b[32minfo\u001b[39m","message":"\n    \"method\": \"DELETE\"\n    \"url\": \"/api/v1/tweets/668798b7b6021cb95266043e\"\n    \"status\": \"200\"\n    \"responseTime\": \"167.790\"\n","timestamp":"2024-07-05T07:07:15.245Z"}
{"level":"\u001b[32minfo\u001b[39m","message":"\n    \"method\": \"GET\"\n    \"url\": \"/api/v1/tweets/user/668397bb8be41a91cb11f267\"\n    \"status\": \"200\"\n    \"responseTime\": \"147.743\"\n","timestamp":"2024-07-05T07:07:35.978Z"}
{"level":"\u001b[32minfo\u001b[39m","message":"\n    \"method\": \"DELETE\"\n    \"url\": \"/api/v1/tweets/66879aa27492d8d3ef3aab90\"\n    \"status\": \"200\"\n    \"responseTime\": \"173.579\"\n","timestamp":"2024-07-05T07:09:32.745Z"}
{"level":"\u001b[31merror\u001b[39m","message":"\n    \"method\": \"DELETE\"\n    \"url\": \"/api/v1/tweets/66879aa27492d8d3ef3aab90\"\n    \"status\": \"500\"\n    \"responseTime\": \"157.849\"\n","timestamp":"2024-07-05T07:14:08.187Z"}
{"level":"\u001b[32minfo\u001b[39m","message":"\n    \"method\": \"DELETE\"\n    \"url\": \"/api/v1/tweets/66879a6393687533af76b7c1\"\n    \"status\": \"200\"\n    \"responseTime\": \"151.808\"\n","timestamp":"2024-07-05T07:14:26.056Z"}
{"level":"\u001b[32minfo\u001b[39m","message":"\n    \"method\": \"DELETE\"\n    \"url\": \"/api/v1/tweets/66879a6393687533af76b7c1\"\n    \"status\": \"200\"\n    \"responseTime\": \"157.891\"\n","timestamp":"2024-07-05T07:15:28.974Z"}
{"level":"\u001b[32minfo\u001b[39m","message":"\n    \"method\": \"DELETE\"\n    \"url\": \"/api/v1/tweets/66879a6393687533af76b7c1\"\n    \"status\": \"200\"\n    \"responseTime\": \"166.407\"\n","timestamp":"2024-07-05T07:15:45.120Z"}
{"level":"\u001b[32minfo\u001b[39m","message":"\n    \"method\": \"DELETE\"\n    \"url\": \"/api/v1/tweets/66879a6393687533af76b7c1\"\n    \"status\": \"200\"\n    \"responseTime\": \"156.050\"\n","timestamp":"2024-07-05T07:16:48.254Z"}
{"level":"\u001b[32minfo\u001b[39m","message":"\n    \"method\": \"DELETE\"\n    \"url\": \"/api/v1/tweets/66879a6393687533af76b7c1\"\n    \"status\": \"200\"\n    \"responseTime\": \"243.212\"\n","timestamp":"2024-07-05T07:18:48.681Z"}
{"level":"\u001b[31merror\u001b[39m","message":"\n    \"method\": \"DELETE\"\n    \"url\": \"/api/v1/tweets/66879a6393687533af76b7c1\"\n    \"status\": \"403\"\n    \"responseTime\": \"189.233\"\n","timestamp":"2024-07-05T07:21:30.936Z"}
{"level":"\u001b[31merror\u001b[39m","message":"\n    \"method\": \"DELETE\"\n    \"url\": \"/api/v1/tweets/66879aa27492d8d3ef3aab90\"\n    \"status\": \"403\"\n    \"responseTime\": \"150.864\"\n","timestamp":"2024-07-05T07:22:27.862Z"}
{"level":"\u001b[32minfo\u001b[39m","message":"\n    \"method\": \"GET\"\n    \"url\": \"/api/v1/tweets/user/668397bb8be41a91cb11f267\"\n    \"status\": \"200\"\n    \"responseTime\": \"455.158\"\n","timestamp":"2024-07-05T07:22:32.381Z"}
{"level":"\u001b[32minfo\u001b[39m","message":"\n    \"method\": \"DELETE\"\n    \"url\": \"/api/v1/tweets/668799446a20ec4946e31f6f\"\n    \"status\": \"200\"\n    \"responseTime\": \"146.405\"\n","timestamp":"2024-07-05T07:22:40.720Z"}
{"level":"\u001b[32minfo\u001b[39m","message":"\n    \"method\": \"POST\"\n    \"url\": \"/api/v1/tweets/\"\n    \"status\": \"201\"\n    \"responseTime\": \"477.269\"\n","timestamp":"2024-07-05T07:36:34.344Z"}
{"level":"\u001b[32minfo\u001b[39m","message":"\n    \"method\": \"POST\"\n    \"url\": \"/api/v1/tweets/\"\n    \"status\": \"201\"\n    \"responseTime\": \"149.128\"\n","timestamp":"2024-07-05T07:36:39.120Z"}
{"level":"\u001b[32minfo\u001b[39m","message":"\n    \"method\": \"POST\"\n    \"url\": \"/api/v1/tweets/\"\n    \"status\": \"201\"\n    \"responseTime\": \"155.415\"\n","timestamp":"2024-07-05T07:36:44.161Z"}
{"level":"\u001b[32minfo\u001b[39m","message":"\n    \"method\": \"POST\"\n    \"url\": \"/api/v1/tweets/\"\n    \"status\": \"201\"\n    \"responseTime\": \"149.653\"\n","timestamp":"2024-07-05T07:36:48.278Z"}
{"level":"\u001b[31merror\u001b[39m","message":"\n    \"method\": \"GET\"\n    \"url\": \"/api/v1/playlist/\"\n    \"status\": \"404\"\n    \"responseTime\": \"101.942\"\n","timestamp":"2024-07-05T07:43:24.409Z"}
{"level":"\u001b[32minfo\u001b[39m","message":"\n    \"method\": \"POST\"\n    \"url\": \"/api/v1/playlist/\"\n    \"status\": \"201\"\n    \"responseTime\": \"168.982\"\n","timestamp":"2024-07-05T07:43:43.550Z"}
{"level":"\u001b[32minfo\u001b[39m","message":"\n    \"method\": \"POST\"\n    \"url\": \"/api/v1/playlist/\"\n    \"status\": \"201\"\n    \"responseTime\": \"183.008\"\n","timestamp":"2024-07-05T07:47:42.696Z"}
{"level":"\u001b[32minfo\u001b[39m","message":"\n    \"method\": \"POST\"\n    \"url\": \"/api/v1/playlist/\"\n    \"status\": \"201\"\n    \"responseTime\": \"148.876\"\n","timestamp":"2024-07-05T07:47:53.757Z"}
{"level":"\u001b[32minfo\u001b[39m","message":"\n    \"method\": \"POST\"\n    \"url\": \"/api/v1/users/login\"\n    \"status\": \"200\"\n    \"responseTime\": \"395.954\"\n","timestamp":"2024-07-05T07:48:24.981Z"}
{"level":"\u001b[32minfo\u001b[39m","message":"\n    \"method\": \"POST\"\n    \"url\": \"/api/v1/playlist/\"\n    \"status\": \"201\"\n    \"responseTime\": \"199.594\"\n","timestamp":"2024-07-05T07:48:40.557Z"}
{"level":"\u001b[32minfo\u001b[39m","message":"\n    \"method\": \"POST\"\n    \"url\": \"/api/v1/playlist/\"\n    \"status\": \"201\"\n    \"responseTime\": \"156.871\"\n","timestamp":"2024-07-05T07:48:51.944Z"}
{"level":"\u001b[32minfo\u001b[39m","message":"\n    \"method\": \"POST\"\n    \"url\": \"/api/v1/playlist/\"\n    \"status\": \"201\"\n    \"responseTime\": \"145.659\"\n","timestamp":"2024-07-05T07:49:03.043Z"}
{"level":"\u001b[31merror\u001b[39m","message":"\n    \"method\": \"POST\"\n    \"url\": \"/api/v1/playlist/\"\n    \"status\": \"400\"\n    \"responseTime\": \"79.137\"\n","timestamp":"2024-07-05T07:53:43.422Z"}
{"level":"\u001b[32minfo\u001b[39m","message":"\n    \"method\": \"GET\"\n    \"url\": \"/api/v1/playlist/6687a558bfe8d218f24edd4e\"\n    \"status\": \"200\"\n    \"responseTime\": \"166.420\"\n","timestamp":"2024-07-05T07:55:50.759Z"}
{"level":"\u001b[31merror\u001b[39m","message":"\n    \"method\": \"GET\"\n    \"url\": \"/api/v1/playlist/user/66839781442fb643e5a1ec8e\"\n    \"status\": \"500\"\n    \"responseTime\": \"91.233\"\n","timestamp":"2024-07-05T07:59:20.163Z"}
{"level":"\u001b[31merror\u001b[39m","message":"\n    \"method\": \"GET\"\n    \"url\": \"/api/v1/playlist/user/66839781442fb643e5a1ec8e\"\n    \"status\": \"500\"\n    \"responseTime\": \"80.034\"\n","timestamp":"2024-07-05T07:59:48.975Z"}
{"level":"\u001b[32minfo\u001b[39m","message":"\n    \"method\": \"GET\"\n    \"url\": \"/api/v1/playlist/user/66839781442fb643e5a1ec8e\"\n    \"status\": \"200\"\n    \"responseTime\": \"240.283\"\n","timestamp":"2024-07-05T08:00:20.076Z"}
{"level":"\u001b[31merror\u001b[39m","message":"\n    \"method\": \"GET\"\n    \"url\": \"/api/v1/playlist/user/66839781442fb643e5a1ec8\"\n    \"status\": \"500\"\n    \"responseTime\": \"83.197\"\n","timestamp":"2024-07-05T08:00:27.136Z"}
{"level":"\u001b[31merror\u001b[39m","message":"\n    \"method\": \"GET\"\n    \"url\": \"/api/v1/playlist/user/66839781442fb643e5a1ec8\"\n    \"status\": \"500\"\n    \"responseTime\": \"90.104\"\n","timestamp":"2024-07-05T08:00:50.549Z"}
{"level":"\u001b[31merror\u001b[39m","message":"\n    \"method\": \"GET\"\n    \"url\": \"/api/v1/playlist/user/66839781442fb643e5a1ec8\"\n    \"status\": \"500\"\n    \"responseTime\": \"1153.773\"\n","timestamp":"2024-07-05T09:43:26.257Z"}
{"level":"\u001b[32minfo\u001b[39m","message":"\n    \"method\": \"GET\"\n    \"url\": \"/api/v1/playlist/user/66839781442fb643e5a1ec8e\"\n    \"status\": \"200\"\n    \"responseTime\": \"229.993\"\n","timestamp":"2024-07-05T09:43:36.818Z"}
{"level":"\u001b[32minfo\u001b[39m","message":"\n    \"method\": \"GET\"\n    \"url\": \"/api/v1/playlist/user/66839781442fb643e5a1ec8e\"\n    \"status\": \"200\"\n    \"responseTime\": \"429.994\"\n","timestamp":"2024-07-05T09:44:12.425Z"}
{"level":"\u001b[31merror\u001b[39m","message":"\n    \"method\": \"GET\"\n    \"url\": \"/api/v1/playlist/user/66839781442fb643e5a1ec8\"\n    \"status\": \"500\"\n    \"responseTime\": \"83.222\"\n","timestamp":"2024-07-05T09:44:35.722Z"}
{"level":"\u001b[31merror\u001b[39m","message":"\n    \"method\": \"GET\"\n    \"url\": \"/api/v1/playlist/user/66839781442fb643e5a1ec8\"\n    \"status\": \"500\"\n    \"responseTime\": \"88.590\"\n","timestamp":"2024-07-05T09:45:00.733Z"}
{"level":"\u001b[31merror\u001b[39m","message":"\n    \"method\": \"GET\"\n    \"url\": \"/api/v1/playlist/user/66839781442fb643e5a1ec8\"\n    \"status\": \"500\"\n    \"responseTime\": \"1107.567\"\n","timestamp":"2024-07-05T09:45:50.897Z"}
{"level":"\u001b[31merror\u001b[39m","message":"\n    \"method\": \"GET\"\n    \"url\": \"/api/v1/playlist/user/66839781442fb643e5a1ec8\"\n    \"status\": \"500\"\n    \"responseTime\": \"84.140\"\n","timestamp":"2024-07-05T09:49:13.384Z"}
{"level":"\u001b[31merror\u001b[39m","message":"\n    \"method\": \"GET\"\n    \"url\": \"/api/v1/playlist/user/66839781442fb643e5a1ec8\"\n    \"status\": \"500\"\n    \"responseTime\": \"128.560\"\n","timestamp":"2024-07-05T09:49:24.092Z"}
{"level":"\u001b[31merror\u001b[39m","message":"\n    \"method\": \"GET\"\n    \"url\": \"/api/v1/playlist/user/66839781442fb643e5a1ec8a\"\n    \"status\": \"400\"\n    \"responseTime\": \"166.196\"\n","timestamp":"2024-07-05T09:50:09.916Z"}
{"level":"\u001b[32minfo\u001b[39m","message":"\n    \"method\": \"DELETE\"\n    \"url\": \"/api/v1/playlist/6687a529bfe8d218f24edd47\"\n    \"status\": \"200\"\n    \"responseTime\": \"186.588\"\n","timestamp":"2024-07-05T09:58:26.847Z"}
{"level":"\u001b[32minfo\u001b[39m","message":"\n    \"method\": \"PATCH\"\n    \"url\": \"/api/v1/playlist/6687a558bfe8d218f24edd4e\"\n    \"status\": \"200\"\n    \"responseTime\": \"183.337\"\n","timestamp":"2024-07-05T10:02:07.991Z"}
{"level":"\u001b[32minfo\u001b[39m","message":"\n    \"method\": \"GET\"\n    \"url\": \"/api/v1/subscriptions/c/66839781442fb643e5a1ec8e\"\n    \"status\": \"200\"\n    \"responseTime\": \"253.109\"\n","timestamp":"2024-07-05T10:20:29.016Z"}
{"level":"\u001b[32minfo\u001b[39m","message":"\n    \"method\": \"GET\"\n    \"url\": \"/api/v1/subscriptions/u/66839781442fb643e5a1ec8e\"\n    \"status\": \"200\"\n    \"responseTime\": \"228.272\"\n","timestamp":"2024-07-05T10:21:10.336Z"}
{"level":"\u001b[31merror\u001b[39m","message":"\n    \"method\": \"POST\"\n    \"url\": \"/api/v1/subscriptions/u/66839b698be41a91cb11f26b\"\n    \"status\": \"400\"\n    \"responseTime\": \"4644.806\"\n","timestamp":"2024-07-05T10:25:05.040Z"}
{"level":"\u001b[31merror\u001b[39m","message":"\n    \"method\": \"POST\"\n    \"url\": \"/api/v1/subscriptions/u/66839781442fb643e5a1ec8e\"\n    \"status\": \"400\"\n    \"responseTime\": \"145.356\"\n","timestamp":"2024-07-05T10:26:32.780Z"}
{"level":"\u001b[31merror\u001b[39m","message":"\n    \"method\": \"POST\"\n    \"url\": \"/api/v1/subscriptions/u/66839781442fb643e5a1ec8e\"\n    \"status\": \"400\"\n    \"responseTime\": \"91.039\"\n","timestamp":"2024-07-05T10:26:49.440Z"}
{"level":"\u001b[32minfo\u001b[39m","message":"\n    \"method\": \"POST\"\n    \"url\": \"/api/v1/users/login\"\n    \"status\": \"200\"\n    \"responseTime\": \"486.360\"\n","timestamp":"2024-07-05T10:27:10.020Z"}
{"level":"\u001b[31merror\u001b[39m","message":"\n    \"method\": \"POST\"\n    \"url\": \"/api/v1/subscriptions/u/66839781442fb643e5a1ec8e\"\n    \"status\": \"400\"\n    \"responseTime\": \"81.990\"\n","timestamp":"2024-07-05T10:27:17.614Z"}
{"level":"\u001b[31merror\u001b[39m","message":"\n    \"method\": \"POST\"\n    \"url\": \"/api/v1/subscriptions/u/66839781442fb643e5a1ec8e\"\n    \"status\": \"400\"\n    \"responseTime\": \"76.899\"\n","timestamp":"2024-07-05T10:27:19.929Z"}
{"level":"\u001b[32minfo\u001b[39m","message":"\n    \"method\": \"POST\"\n    \"url\": \"/api/v1/subscriptions/u/66839781442fb643e5a1ec8e\"\n    \"status\": \"200\"\n    \"responseTime\": \"176.862\"\n","timestamp":"2024-07-05T10:27:40.053Z"}
{"level":"\u001b[32minfo\u001b[39m","message":"\n    \"method\": \"GET\"\n    \"url\": \"/api/v1/subscriptions/u/66839781442fb643e5a1ec8e\"\n    \"status\": \"200\"\n    \"responseTime\": \"234.870\"\n","timestamp":"2024-07-05T10:28:32.012Z"}
{"level":"\u001b[32minfo\u001b[39m","message":"\n    \"method\": \"GET\"\n    \"url\": \"/api/v1/subscriptions/c/66839781442fb643e5a1ec8e\"\n    \"status\": \"200\"\n    \"responseTime\": \"236.102\"\n","timestamp":"2024-07-05T10:28:36.936Z"}
{"level":"\u001b[32minfo\u001b[39m","message":"\n    \"method\": \"GET\"\n    \"url\": \"/api/v1/users/channel/aqeelahmeddd\"\n    \"status\": \"200\"\n    \"responseTime\": \"370.106\"\n","timestamp":"2024-07-05T10:29:24.371Z"}
{"level":"\u001b[32minfo\u001b[39m","message":"\n    \"method\": \"GET\"\n    \"url\": \"/api/v1/users/channel/aqeel\"\n    \"status\": \"200\"\n    \"responseTime\": \"1143.049\"\n","timestamp":"2024-07-05T10:29:56.832Z"}
{"level":"\u001b[31merror\u001b[39m","message":"\n    \"method\": \"POST\"\n    \"url\": \"/api/v1/users/register\"\n    \"status\": \"500\"\n    \"responseTime\": \"84.105\"\n","timestamp":"2024-07-05T10:31:51.801Z"}
{"level":"\u001b[31merror\u001b[39m","message":"\n    \"method\": \"POST\"\n    \"url\": \"/api/v1/users/register\"\n    \"status\": \"500\"\n    \"responseTime\": \"73.059\"\n","timestamp":"2024-07-05T10:32:03.608Z"}
{"level":"\u001b[32minfo\u001b[39m","message":"\n    \"method\": \"POST\"\n    \"url\": \"/api/v1/users/register\"\n    \"status\": \"201\"\n    \"responseTime\": \"4498.405\"\n","timestamp":"2024-07-05T10:33:03.321Z"}
{"level":"\u001b[32minfo\u001b[39m","message":"\n    \"method\": \"POST\"\n    \"url\": \"/api/v1/users/register\"\n    \"status\": \"201\"\n    \"responseTime\": \"4177.674\"\n","timestamp":"2024-07-05T10:33:26.032Z"}
{"level":"\u001b[32minfo\u001b[39m","message":"\n    \"method\": \"POST\"\n    \"url\": \"/api/v1/users/register\"\n    \"status\": \"201\"\n    \"responseTime\": \"3735.111\"\n","timestamp":"2024-07-05T10:33:36.507Z"}
{"level":"\u001b[32minfo\u001b[39m","message":"\n    \"method\": \"POST\"\n    \"url\": \"/api/v1/users/register\"\n    \"status\": \"201\"\n    \"responseTime\": \"3229.624\"\n","timestamp":"2024-07-05T10:33:46.221Z"}
{"level":"\u001b[31merror\u001b[39m","message":"\n    \"method\": \"POST\"\n    \"url\": \"/api/v1/users/login\"\n    \"status\": \"400\"\n    \"responseTime\": \"474.289\"\n","timestamp":"2024-07-05T10:34:41.113Z"}
{"level":"\u001b[32minfo\u001b[39m","message":"\n    \"method\": \"POST\"\n    \"url\": \"/api/v1/users/login\"\n    \"status\": \"200\"\n    \"responseTime\": \"390.377\"\n","timestamp":"2024-07-05T10:34:50.448Z"}
{"level":"\u001b[32minfo\u001b[39m","message":"\n    \"method\": \"POST\"\n    \"url\": \"/api/v1/subscriptions/u/66839781442fb643e5a1ec8e\"\n    \"status\": \"200\"\n    \"responseTime\": \"153.994\"\n","timestamp":"2024-07-05T10:34:59.778Z"}
{"level":"\u001b[32minfo\u001b[39m","message":"\n    \"method\": \"POST\"\n    \"url\": \"/api/v1/users/login\"\n    \"status\": \"200\"\n    \"responseTime\": \"397.649\"\n","timestamp":"2024-07-05T10:35:24.467Z"}
{"level":"\u001b[32minfo\u001b[39m","message":"\n    \"method\": \"POST\"\n    \"url\": \"/api/v1/subscriptions/u/66839781442fb643e5a1ec8e\"\n    \"status\": \"200\"\n    \"responseTime\": \"145.864\"\n","timestamp":"2024-07-05T10:35:27.613Z"}
{"level":"\u001b[32minfo\u001b[39m","message":"\n    \"method\": \"POST\"\n    \"url\": \"/api/v1/users/login\"\n    \"status\": \"200\"\n    \"responseTime\": \"374.915\"\n","timestamp":"2024-07-05T10:35:36.276Z"}
{"level":"\u001b[32minfo\u001b[39m","message":"\n    \"method\": \"POST\"\n    \"url\": \"/api/v1/subscriptions/u/66839781442fb643e5a1ec8e\"\n    \"status\": \"200\"\n    \"responseTime\": \"710.589\"\n","timestamp":"2024-07-05T10:35:39.873Z"}
{"level":"\u001b[32minfo\u001b[39m","message":"\n    \"method\": \"POST\"\n    \"url\": \"/api/v1/users/login\"\n    \"status\": \"200\"\n    \"responseTime\": \"379.880\"\n","timestamp":"2024-07-05T10:35:48.625Z"}
{"level":"\u001b[32minfo\u001b[39m","message":"\n    \"method\": \"POST\"\n    \"url\": \"/api/v1/subscriptions/u/66839781442fb643e5a1ec8e\"\n    \"status\": \"200\"\n    \"responseTime\": \"150.361\"\n","timestamp":"2024-07-05T10:35:50.888Z"}
{"level":"\u001b[32minfo\u001b[39m","message":"\n    \"method\": \"POST\"\n    \"url\": \"/api/v1/users/login\"\n    \"status\": \"200\"\n    \"responseTime\": \"382.599\"\n","timestamp":"2024-07-05T10:36:00.733Z"}
{"level":"\u001b[32minfo\u001b[39m","message":"\n    \"method\": \"POST\"\n    \"url\": \"/api/v1/subscriptions/u/66839781442fb643e5a1ec8e\"\n    \"status\": \"200\"\n    \"responseTime\": \"148.569\"\n","timestamp":"2024-07-05T10:36:03.707Z"}
{"level":"\u001b[32minfo\u001b[39m","message":"\n    \"method\": \"GET\"\n    \"url\": \"/api/v1/users/channel/aqeel\"\n    \"status\": \"200\"\n    \"responseTime\": \"455.976\"\n","timestamp":"2024-07-05T10:36:09.894Z"}
{"level":"\u001b[32minfo\u001b[39m","message":"\n    \"method\": \"GET\"\n    \"url\": \"/api/v1/subscriptions/u/66839781442fb643e5a1ec8e\"\n    \"status\": \"200\"\n    \"responseTime\": \"221.764\"\n","timestamp":"2024-07-05T10:36:19.425Z"}
{"level":"\u001b[32minfo\u001b[39m","message":"\n    \"method\": \"GET\"\n    \"url\": \"/api/v1/subscriptions/c/66839781442fb643e5a1ec8e\"\n    \"status\": \"200\"\n    \"responseTime\": \"890.547\"\n","timestamp":"2024-07-05T10:36:24.186Z"}
{"level":"\u001b[32minfo\u001b[39m","message":"\n    \"method\": \"GET\"\n    \"url\": \"/api/v1/users/channel/aqeel\"\n    \"status\": \"200\"\n    \"responseTime\": \"729.168\"\n","timestamp":"2024-07-05T10:37:14.220Z"}
{"level":"\u001b[32minfo\u001b[39m","message":"\n    \"method\": \"GET\"\n    \"url\": \"/api/v1/users/channel/aqeel\"\n    \"status\": \"200\"\n    \"responseTime\": \"614.503\"\n","timestamp":"2024-07-05T10:38:42.672Z"}
{"level":"\u001b[32minfo\u001b[39m","message":"\n    \"method\": \"GET\"\n    \"url\": \"/api/v1/users/channel/aqeel\"\n    \"status\": \"200\"\n    \"responseTime\": \"473.418\"\n","timestamp":"2024-07-05T10:39:48.300Z"}
{"level":"\u001b[32minfo\u001b[39m","message":"\n    \"method\": \"GET\"\n    \"url\": \"/api/v1/subscriptions/u/66839781442fb643e5a1ec8e\"\n    \"status\": \"200\"\n    \"responseTime\": \"2290.157\"\n","timestamp":"2024-07-05T10:40:56.236Z"}
{"level":"\u001b[32minfo\u001b[39m","message":"\n    \"method\": \"GET\"\n    \"url\": \"/api/v1/users/channel/aqeel\"\n    \"status\": \"200\"\n    \"responseTime\": \"1333.839\"\n","timestamp":"2024-07-05T10:41:15.109Z"}
{"level":"\u001b[32minfo\u001b[39m","message":"\n    \"method\": \"GET\"\n    \"url\": \"/api/v1/users/channel/aqeel\"\n    \"status\": \"200\"\n    \"responseTime\": \"7999.036\"\n","timestamp":"2024-07-05T10:42:08.096Z"}
{"level":"\u001b[32minfo\u001b[39m","message":"\n    \"method\": \"GET\"\n    \"url\": \"/api/v1/users/channel/aqeel\"\n    \"status\": \"200\"\n    \"responseTime\": \"3951.006\"\n","timestamp":"2024-07-05T10:42:57.816Z"}
{"level":"\u001b[32minfo\u001b[39m","message":"\n    \"method\": \"GET\"\n    \"url\": \"/api/v1/users/channel/aqeel\"\n    \"status\": \"200\"\n    \"responseTime\": \"2993.682\"\n","timestamp":"2024-07-05T10:43:39.914Z"}
{"level":"\u001b[32minfo\u001b[39m","message":"\n    \"method\": \"GET\"\n    \"url\": \"/api/v1/users/channel/aqeel\"\n    \"status\": \"200\"\n    \"responseTime\": \"1542.496\"\n","timestamp":"2024-07-05T10:44:35.294Z"}
{"level":"\u001b[32minfo\u001b[39m","message":"\n    \"method\": \"GET\"\n    \"url\": \"/api/v1/users/channel/aqeel\"\n    \"status\": \"200\"\n    \"responseTime\": \"5094.913\"\n","timestamp":"2024-07-05T10:46:41.812Z"}
{"level":"\u001b[32minfo\u001b[39m","message":"\n    \"method\": \"GET\"\n    \"url\": \"/api/v1/users/channel/aqeel\"\n    \"status\": \"200\"\n    \"responseTime\": \"2711.796\"\n","timestamp":"2024-07-05T10:48:56.129Z"}
{"level":"\u001b[32minfo\u001b[39m","message":"\n    \"method\": \"GET\"\n    \"url\": \"/api/v1/users/channel/aqeel\"\n    \"status\": \"200\"\n    \"responseTime\": \"3184.336\"\n","timestamp":"2024-07-05T10:50:19.170Z"}
{"level":"\u001b[32minfo\u001b[39m","message":"\n    \"method\": \"GET\"\n    \"url\": \"/api/v1/users/channel/aqeel\"\n    \"status\": \"200\"\n    \"responseTime\": \"806.730\"\n","timestamp":"2024-07-05T10:53:21.613Z"}
{"level":"\u001b[32minfo\u001b[39m","message":"\n    \"method\": \"GET\"\n    \"url\": \"/api/v1/users/channel/aqeel\"\n    \"status\": \"200\"\n    \"responseTime\": \"3728.380\"\n","timestamp":"2024-07-05T10:54:29.272Z"}
{"level":"\u001b[32minfo\u001b[39m","message":"\n    \"method\": \"GET\"\n    \"url\": \"/api/v1/users/channel/aqeel\"\n    \"status\": \"200\"\n    \"responseTime\": \"1349.968\"\n","timestamp":"2024-07-05T10:54:44.901Z"}
{"level":"\u001b[31merror\u001b[39m","message":"\n    \"method\": \"POST\"\n    \"url\": \"/api/v1/users/login\"\n    \"status\": \"400\"\n    \"responseTime\": \"170.540\"\n","timestamp":"2024-07-05T10:55:32.846Z"}
{"level":"\u001b[32minfo\u001b[39m","message":"\n    \"method\": \"POST\"\n    \"url\": \"/api/v1/users/login\"\n    \"status\": \"200\"\n    \"responseTime\": \"741.470\"\n","timestamp":"2024-07-05T10:55:40.399Z"}
{"level":"\u001b[32minfo\u001b[39m","message":"\n    \"method\": \"POST\"\n    \"url\": \"/api/v1/subscriptions/u/66839781442fb643e5a1ec8e\"\n    \"status\": \"200\"\n    \"responseTime\": \"207.048\"\n","timestamp":"2024-07-05T10:55:54.633Z"}
{"level":"\u001b[32minfo\u001b[39m","message":"\n    \"method\": \"GET\"\n    \"url\": \"/api/v1/users/channel/aqeel\"\n    \"status\": \"200\"\n    \"responseTime\": \"374.222\"\n","timestamp":"2024-07-05T10:55:58.416Z"}
{"level":"\u001b[32minfo\u001b[39m","message":"\n    \"method\": \"GET\"\n    \"url\": \"/api/v1/users/channel/aqeel\"\n    \"status\": \"200\"\n    \"responseTime\": \"396.539\"\n","timestamp":"2024-07-05T11:00:51.953Z"}
{"level":"\u001b[32minfo\u001b[39m","message":"\n    \"method\": \"GET\"\n    \"url\": \"/api/v1/users/channel/aqeelahm\"\n    \"status\": \"200\"\n    \"responseTime\": \"387.912\"\n","timestamp":"2024-07-05T11:01:22.480Z"}
{"level":"\u001b[32minfo\u001b[39m","message":"\n    \"method\": \"GET\"\n    \"url\": \"/api/v1/users/channel/aqeelahm\"\n    \"status\": \"200\"\n    \"responseTime\": \"402.927\"\n","timestamp":"2024-07-05T11:02:34.538Z"}
{"level":"\u001b[32minfo\u001b[39m","message":"\n    \"method\": \"GET\"\n    \"url\": \"/api/v1/users/channel/aqeel\"\n    \"status\": \"200\"\n    \"responseTime\": \"402.369\"\n","timestamp":"2024-07-05T11:02:49.144Z"}
{"level":"\u001b[32minfo\u001b[39m","message":"\n    \"method\": \"GET\"\n    \"url\": \"/api/v1/subscriptions/u/66839781442fb643e5a1ec8e\"\n    \"status\": \"200\"\n    \"responseTime\": \"229.288\"\n","timestamp":"2024-07-05T11:12:26.719Z"}
{"level":"\u001b[32minfo\u001b[39m","message":"\n    \"method\": \"POST\"\n    \"url\": \"/api/v1/subscriptions/u/66839781442fb643e5a1ec8e\"\n    \"status\": \"200\"\n    \"responseTime\": \"236.283\"\n","timestamp":"2024-07-05T11:53:03.331Z"}
{"level":"\u001b[32minfo\u001b[39m","message":"\n    \"method\": \"POST\"\n    \"url\": \"/api/v1/subscriptions/u/66839781442fb643e5a1ec8e\"\n    \"status\": \"200\"\n    \"responseTime\": \"231.497\"\n","timestamp":"2024-07-05T11:53:23.400Z"}
